{"meta": {"format": 3, "version": "7.9.1", "timestamp": "2025-06-23T05:32:16.628362", "branch_coverage": false, "show_contexts": false}, "files": {"src/agents/agent_coordinator.py": {"executed_lines": [], "summary": {"covered_lines": 0, "num_statements": 2, "percent_covered": 0.0, "percent_covered_display": "0.00", "missing_lines": 2, "excluded_lines": 0}, "missing_lines": [9, 11], "excluded_lines": [], "functions": {"": {"executed_lines": [], "summary": {"covered_lines": 0, "num_statements": 2, "percent_covered": 0.0, "percent_covered_display": "0.00", "missing_lines": 2, "excluded_lines": 0}, "missing_lines": [9, 11], "excluded_lines": []}}, "classes": {"": {"executed_lines": [], "summary": {"covered_lines": 0, "num_statements": 2, "percent_covered": 0.0, "percent_covered_display": "0.00", "missing_lines": 2, "excluded_lines": 0}, "missing_lines": [9, 11], "excluded_lines": []}}}, "src/agents/agent_status.py": {"executed_lines": [1, 8, 9, 10, 11, 12, 14, 15], "summary": {"covered_lines": 7, "num_statements": 179, "percent_covered": 3.910614525139665, "percent_covered_display": "3.91", "missing_lines": 172, "excluded_lines": 0}, "missing_lines": [16, 17, 20, 22, 23, 24, 25, 26, 27, 28, 29, 32, 33, 35, 36, 37, 38, 39, 40, 41, 42, 43, 44, 45, 46, 47, 50, 54, 141, 142, 143, 144, 145, 146, 148, 150, 151, 153, 156, 158, 160, 161, 163, 172, 173, 174, 175, 176, 179, 190, 193, 194, 195, 196, 197, 198, 199, 200, 202, 203, 204, 205, 206, 207, 209, 210, 212, 214, 226, 227, 228, 229, 230, 231, 232, 233, 236, 237, 241, 242, 245, 246, 261, 263, 265, 270, 272, 273, 275, 276, 279, 280, 281, 284, 285, 287, 288, 291, 292, 294, 296, 297, 299, 300, 301, 304, 305, 307, 311, 312, 313, 315, 318, 320, 321, 322, 323, 324, 326, 328, 336, 338, 339, 340, 341, 342, 343, 346, 347, 348, 352, 355, 356, 361, 365, 366, 370, 372, 374, 375, 376, 377, 378, 379, 381, 382, 390, 391, 392, 394, 398, 401, 402, 406, 407, 409, 411, 413, 414, 416, 417, 419, 420, 421, 423, 424, 425, 427, 429, 430, 431, 432], "excluded_lines": [], "functions": {"AgentStatusDashboard.__init__": {"executed_lines": [], "summary": {"covered_lines": 0, "num_statements": 5, "percent_covered": 0.0, "percent_covered_display": "0.00", "missing_lines": 5, "excluded_lines": 0}, "missing_lines": [142, 143, 144, 145, 146], "excluded_lines": []}, "AgentStatusDashboard.initialize": {"executed_lines": [], "summary": {"covered_lines": 0, "num_statements": 31, "percent_covered": 0.0, "percent_covered_display": "0.00", "missing_lines": 31, "excluded_lines": 0}, "missing_lines": [150, 151, 153, 156, 158, 160, 161, 163, 172, 173, 174, 175, 176, 179, 190, 193, 194, 195, 196, 197, 198, 199, 200, 202, 203, 204, 205, 206, 207, 209, 210], "excluded_lines": []}, "AgentStatusDashboard.get_status_summary": {"executed_lines": [], "summary": {"covered_lines": 0, "num_statements": 16, "percent_covered": 0.0, "percent_covered_display": "0.00", "missing_lines": 16, "excluded_lines": 0}, "missing_lines": [214, 226, 227, 228, 229, 230, 231, 232, 233, 236, 237, 241, 242, 245, 246, 261], "excluded_lines": []}, "AgentStatusDashboard.get_agents_by_capability": {"executed_lines": [], "summary": {"covered_lines": 0, "num_statements": 1, "percent_covered": 0.0, "percent_covered_display": "0.00", "missing_lines": 1, "excluded_lines": 0}, "missing_lines": [265], "excluded_lines": []}, "AgentStatusDashboard.get_fallback_agents": {"executed_lines": [], "summary": {"covered_lines": 0, "num_statements": 13, "percent_covered": 0.0, "percent_covered_display": "0.00", "missing_lines": 13, "excluded_lines": 0}, "missing_lines": [272, 273, 275, 276, 279, 280, 281, 284, 285, 287, 288, 291, 292], "excluded_lines": []}, "AgentStatusDashboard.update_agent_stats": {"executed_lines": [], "summary": {"covered_lines": 0, "num_statements": 12, "percent_covered": 0.0, "percent_covered_display": "0.00", "missing_lines": 12, "excluded_lines": 0}, "missing_lines": [296, 297, 299, 300, 301, 304, 305, 307, 311, 312, 313, 315], "excluded_lines": []}, "AgentStatusDashboard.get_cost_estimate": {"executed_lines": [], "summary": {"covered_lines": 0, "num_statements": 5, "percent_covered": 0.0, "percent_covered_display": "0.00", "missing_lines": 5, "excluded_lines": 0}, "missing_lines": [320, 321, 322, 323, 324], "excluded_lines": []}, "AgentStatusDashboard.get_health_report": {"executed_lines": [], "summary": {"covered_lines": 0, "num_statements": 18, "percent_covered": 0.0, "percent_covered_display": "0.00", "missing_lines": 18, "excluded_lines": 0}, "missing_lines": [328, 336, 338, 339, 340, 341, 342, 343, 346, 347, 348, 352, 355, 356, 361, 365, 366, 370], "excluded_lines": []}, "AgentStatusDashboard.format_status_table": {"executed_lines": [], "summary": {"covered_lines": 0, "num_statements": 18, "percent_covered": 0.0, "percent_covered_display": "0.00", "missing_lines": 18, "excluded_lines": 0}, "missing_lines": [374, 375, 376, 377, 378, 379, 381, 382, 390, 391, 392, 394, 398, 401, 402, 406, 407, 409], "excluded_lines": []}, "AgentStatusDashboard.test_agent": {"executed_lines": [], "summary": {"covered_lines": 0, "num_statements": 10, "percent_covered": 0.0, "percent_covered_display": "0.00", "missing_lines": 10, "excluded_lines": 0}, "missing_lines": [413, 414, 416, 417, 419, 420, 421, 423, 424, 425], "excluded_lines": []}, "AgentStatusDashboard.test_all_agents": {"executed_lines": [], "summary": {"covered_lines": 0, "num_statements": 4, "percent_covered": 0.0, "percent_covered_display": "0.00", "missing_lines": 4, "excluded_lines": 0}, "missing_lines": [429, 430, 431, 432], "excluded_lines": []}, "": {"executed_lines": [1, 8, 9, 10, 11, 12, 14, 15], "summary": {"covered_lines": 7, "num_statements": 46, "percent_covered": 15.217391304347826, "percent_covered_display": "15.22", "missing_lines": 39, "excluded_lines": 0}, "missing_lines": [16, 17, 20, 22, 23, 24, 25, 26, 27, 28, 29, 32, 33, 35, 36, 37, 38, 39, 40, 41, 42, 43, 44, 45, 46, 47, 50, 54, 141, 148, 212, 263, 270, 294, 318, 326, 372, 411, 427], "excluded_lines": []}}, "classes": {"AgentCapability": {"executed_lines": [], "summary": {"covered_lines": 0, "num_statements": 0, "percent_covered": 100.0, "percent_covered_display": "100.00", "missing_lines": 0, "excluded_lines": 0}, "missing_lines": [], "excluded_lines": []}, "AgentInfo": {"executed_lines": [], "summary": {"covered_lines": 0, "num_statements": 0, "percent_covered": 100.0, "percent_covered_display": "100.00", "missing_lines": 0, "excluded_lines": 0}, "missing_lines": [], "excluded_lines": []}, "AgentStatusDashboard": {"executed_lines": [], "summary": {"covered_lines": 0, "num_statements": 133, "percent_covered": 0.0, "percent_covered_display": "0.00", "missing_lines": 133, "excluded_lines": 0}, "missing_lines": [142, 143, 144, 145, 146, 150, 151, 153, 156, 158, 160, 161, 163, 172, 173, 174, 175, 176, 179, 190, 193, 194, 195, 196, 197, 198, 199, 200, 202, 203, 204, 205, 206, 207, 209, 210, 214, 226, 227, 228, 229, 230, 231, 232, 233, 236, 237, 241, 242, 245, 246, 261, 265, 272, 273, 275, 276, 279, 280, 281, 284, 285, 287, 288, 291, 292, 296, 297, 299, 300, 301, 304, 305, 307, 311, 312, 313, 315, 320, 321, 322, 323, 324, 328, 336, 338, 339, 340, 341, 342, 343, 346, 347, 348, 352, 355, 356, 361, 365, 366, 370, 374, 375, 376, 377, 378, 379, 381, 382, 390, 391, 392, 394, 398, 401, 402, 406, 407, 409, 413, 414, 416, 417, 419, 420, 421, 423, 424, 425, 429, 430, 431, 432], "excluded_lines": []}, "": {"executed_lines": [1, 8, 9, 10, 11, 12, 14, 15], "summary": {"covered_lines": 7, "num_statements": 46, "percent_covered": 15.217391304347826, "percent_covered_display": "15.22", "missing_lines": 39, "excluded_lines": 0}, "missing_lines": [16, 17, 20, 22, 23, 24, 25, 26, 27, 28, 29, 32, 33, 35, 36, 37, 38, 39, 40, 41, 42, 43, 44, 45, 46, 47, 50, 54, 141, 148, 212, 263, 270, 294, 318, 326, 372, 411, 427], "excluded_lines": []}}}, "src/agents/apify/actors.py": {"executed_lines": [1, 8, 9, 10, 11, 13, 16, 17, 19, 33, 60, 93, 113, 123, 170], "summary": {"covered_lines": 13, "num_statements": 62, "percent_covered": 20.967741935483872, "percent_covered_display": "20.97", "missing_lines": 49, "excluded_lines": 0}, "missing_lines": [20, 21, 22, 23, 26, 35, 39, 41, 42, 48, 49, 50, 52, 53, 54, 56, 57, 58, 63, 64, 66, 68, 70, 75, 76, 77, 79, 81, 82, 83, 84, 85, 86, 88, 89, 91, 95, 97, 98, 103, 104, 105, 107, 109, 110, 111, 115, 125, 172], "excluded_lines": [], "functions": {"ApifyActorManager.__init__": {"executed_lines": [], "summary": {"covered_lines": 0, "num_statements": 5, "percent_covered": 0.0, "percent_covered_display": "0.00", "missing_lines": 5, "excluded_lines": 0}, "missing_lines": [20, 21, 22, 23, 26], "excluded_lines": []}, "ApifyActorManager.start_actor_run": {"executed_lines": [], "summary": {"covered_lines": 0, "num_statements": 13, "percent_covered": 0.0, "percent_covered_display": "0.00", "missing_lines": 13, "excluded_lines": 0}, "missing_lines": [35, 39, 41, 42, 48, 49, 50, 52, 53, 54, 56, 57, 58], "excluded_lines": []}, "ApifyActorManager.get_actor_results": {"executed_lines": [], "summary": {"covered_lines": 0, "num_statements": 18, "percent_covered": 0.0, "percent_covered_display": "0.00", "missing_lines": 18, "excluded_lines": 0}, "missing_lines": [63, 64, 66, 68, 70, 75, 76, 77, 79, 81, 82, 83, 84, 85, 86, 88, 89, 91], "excluded_lines": []}, "ApifyActorManager._get_dataset_items": {"executed_lines": [], "summary": {"covered_lines": 0, "num_statements": 10, "percent_covered": 0.0, "percent_covered_display": "0.00", "missing_lines": 10, "excluded_lines": 0}, "missing_lines": [95, 97, 98, 103, 104, 105, 107, 109, 110, 111], "excluded_lines": []}, "ApifyActorManager.get_google_search_input": {"executed_lines": [], "summary": {"covered_lines": 0, "num_statements": 1, "percent_covered": 0.0, "percent_covered_display": "0.00", "missing_lines": 1, "excluded_lines": 0}, "missing_lines": [115], "excluded_lines": []}, "ApifyActorManager.get_web_scraper_input": {"executed_lines": [], "summary": {"covered_lines": 0, "num_statements": 1, "percent_covered": 0.0, "percent_covered_display": "0.00", "missing_lines": 1, "excluded_lines": 0}, "missing_lines": [125], "excluded_lines": []}, "ApifyActorManager.get_cheerio_scraper_input": {"executed_lines": [], "summary": {"covered_lines": 0, "num_statements": 1, "percent_covered": 0.0, "percent_covered_display": "0.00", "missing_lines": 1, "excluded_lines": 0}, "missing_lines": [172], "excluded_lines": []}, "": {"executed_lines": [1, 8, 9, 10, 11, 13, 16, 17, 19, 33, 60, 93, 113, 123, 170], "summary": {"covered_lines": 13, "num_statements": 13, "percent_covered": 100.0, "percent_covered_display": "100.00", "missing_lines": 0, "excluded_lines": 0}, "missing_lines": [], "excluded_lines": []}}, "classes": {"ApifyActorManager": {"executed_lines": [], "summary": {"covered_lines": 0, "num_statements": 49, "percent_covered": 0.0, "percent_covered_display": "0.00", "missing_lines": 49, "excluded_lines": 0}, "missing_lines": [20, 21, 22, 23, 26, 35, 39, 41, 42, 48, 49, 50, 52, 53, 54, 56, 57, 58, 63, 64, 66, 68, 70, 75, 76, 77, 79, 81, 82, 83, 84, 85, 86, 88, 89, 91, 95, 97, 98, 103, 104, 105, 107, 109, 110, 111, 115, 125, 172], "excluded_lines": []}, "": {"executed_lines": [1, 8, 9, 10, 11, 13, 16, 17, 19, 33, 60, 93, 113, 123, 170], "summary": {"covered_lines": 13, "num_statements": 13, "percent_covered": 100.0, "percent_covered_display": "100.00", "missing_lines": 0, "excluded_lines": 0}, "missing_lines": [], "excluded_lines": []}}}, "src/agents/apify/apify_agent.py": {"executed_lines": [1, 8, 9, 10, 11, 13, 14, 15, 16, 18, 19, 22, 23, 25, 34, 59, 80, 124, 162, 198, 230], "summary": {"covered_lines": 19, "num_statements": 126, "percent_covered": 15.079365079365079, "percent_covered_display": "15.08", "missing_lines": 107, "excluded_lines": 0}, "missing_lines": [26, 27, 28, 29, 30, 31, 32, 36, 37, 40, 45, 47, 48, 49, 50, 52, 53, 55, 56, 57, 61, 62, 63, 65, 66, 69, 74, 76, 77, 78, 82, 84, 86, 88, 89, 92, 93, 96, 99, 100, 101, 104, 105, 106, 108, 114, 115, 116, 118, 119, 120, 122, 126, 129, 131, 133, 134, 136, 137, 138, 140, 143, 148, 150, 151, 152, 153, 155, 157, 158, 160, 164, 166, 167, 168, 170, 173, 178, 180, 181, 182, 184, 189, 191, 193, 194, 196, 200, 203, 204, 206, 207, 209, 211, 216, 217, 218, 219, 220, 222, 223, 225, 226, 228, 232, 233, 234], "excluded_lines": [], "functions": {"ApifyAgent.__init__": {"executed_lines": [], "summary": {"covered_lines": 0, "num_statements": 7, "percent_covered": 0.0, "percent_covered_display": "0.00", "missing_lines": 7, "excluded_lines": 0}, "missing_lines": [26, 27, 28, 29, 30, 31, 32], "excluded_lines": []}, "ApifyAgent.initialize": {"executed_lines": [], "summary": {"covered_lines": 0, "num_statements": 13, "percent_covered": 0.0, "percent_covered_display": "0.00", "missing_lines": 13, "excluded_lines": 0}, "missing_lines": [36, 37, 40, 45, 47, 48, 49, 50, 52, 53, 55, 56, 57], "excluded_lines": []}, "ApifyAgent.validate_credentials": {"executed_lines": [], "summary": {"covered_lines": 0, "num_statements": 10, "percent_covered": 0.0, "percent_covered_display": "0.00", "missing_lines": 10, "excluded_lines": 0}, "missing_lines": [61, 62, 63, 65, 66, 69, 74, 76, 77, 78], "excluded_lines": []}, "ApifyAgent.search_mine": {"executed_lines": [], "summary": {"covered_lines": 0, "num_statements": 22, "percent_covered": 0.0, "percent_covered_display": "0.00", "missing_lines": 22, "excluded_lines": 0}, "missing_lines": [82, 84, 86, 88, 89, 92, 93, 96, 99, 100, 101, 104, 105, 106, 108, 114, 115, 116, 118, 119, 120, 122], "excluded_lines": []}, "ApifyAgent._enhanced_google_search": {"executed_lines": [], "summary": {"covered_lines": 0, "num_statements": 19, "percent_covered": 0.0, "percent_covered_display": "0.00", "missing_lines": 19, "excluded_lines": 0}, "missing_lines": [126, 129, 131, 133, 134, 136, 137, 138, 140, 143, 148, 150, 151, 152, 153, 155, 157, 158, 160], "excluded_lines": []}, "ApifyAgent._scrape_mining_sites": {"executed_lines": [], "summary": {"covered_lines": 0, "num_statements": 16, "percent_covered": 0.0, "percent_covered_display": "0.00", "missing_lines": 16, "excluded_lines": 0}, "missing_lines": [164, 166, 167, 168, 170, 173, 178, 180, 181, 182, 184, 189, 191, 193, 194, 196], "excluded_lines": []}, "ApifyAgent._scrape_government_sites": {"executed_lines": [], "summary": {"covered_lines": 0, "num_statements": 17, "percent_covered": 0.0, "percent_covered_display": "0.00", "missing_lines": 17, "excluded_lines": 0}, "missing_lines": [200, 203, 204, 206, 207, 209, 211, 216, 217, 218, 219, 220, 222, 223, 225, 226, 228], "excluded_lines": []}, "ApifyAgent.cleanup": {"executed_lines": [], "summary": {"covered_lines": 0, "num_statements": 3, "percent_covered": 0.0, "percent_covered_display": "0.00", "missing_lines": 3, "excluded_lines": 0}, "missing_lines": [232, 233, 234], "excluded_lines": []}, "": {"executed_lines": [1, 8, 9, 10, 11, 13, 14, 15, 16, 18, 19, 22, 23, 25, 34, 59, 80, 124, 162, 198, 230], "summary": {"covered_lines": 19, "num_statements": 19, "percent_covered": 100.0, "percent_covered_display": "100.00", "missing_lines": 0, "excluded_lines": 0}, "missing_lines": [], "excluded_lines": []}}, "classes": {"ApifyAgent": {"executed_lines": [], "summary": {"covered_lines": 0, "num_statements": 107, "percent_covered": 0.0, "percent_covered_display": "0.00", "missing_lines": 107, "excluded_lines": 0}, "missing_lines": [26, 27, 28, 29, 30, 31, 32, 36, 37, 40, 45, 47, 48, 49, 50, 52, 53, 55, 56, 57, 61, 62, 63, 65, 66, 69, 74, 76, 77, 78, 82, 84, 86, 88, 89, 92, 93, 96, 99, 100, 101, 104, 105, 106, 108, 114, 115, 116, 118, 119, 120, 122, 126, 129, 131, 133, 134, 136, 137, 138, 140, 143, 148, 150, 151, 152, 153, 155, 157, 158, 160, 164, 166, 167, 168, 170, 173, 178, 180, 181, 182, 184, 189, 191, 193, 194, 196, 200, 203, 204, 206, 207, 209, 211, 216, 217, 218, 219, 220, 222, 223, 225, 226, 228, 232, 233, 234], "excluded_lines": []}, "": {"executed_lines": [1, 8, 9, 10, 11, 13, 14, 15, 16, 18, 19, 22, 23, 25, 34, 59, 80, 124, 162, 198, 230], "summary": {"covered_lines": 19, "num_statements": 19, "percent_covered": 100.0, "percent_covered_display": "100.00", "missing_lines": 0, "excluded_lines": 0}, "missing_lines": [], "excluded_lines": []}}}, "src/agents/apify/result_processor.py": {"executed_lines": [1, 8, 9, 10, 12, 13, 16, 17, 19, 58, 90, 108, 136, 174, 200], "summary": {"covered_lines": 13, "num_statements": 83, "percent_covered": 15.662650602409638, "percent_covered_display": "15.66", "missing_lines": 70, "excluded_lines": 0}, "missing_lines": [20, 21, 24, 33, 50, 61, 69, 74, 77, 78, 79, 82, 83, 84, 87, 88, 92, 94, 95, 98, 99, 102, 103, 104, 106, 110, 112, 113, 114, 115, 116, 117, 119, 131, 132, 134, 138, 140, 141, 144, 147, 148, 150, 151, 152, 153, 154, 155, 156, 168, 169, 170, 172, 176, 178, 180, 181, 182, 183, 195, 196, 198, 202, 204, 205, 206, 207, 208, 209, 211], "excluded_lines": [], "functions": {"ApifyResultProcessor.__init__": {"executed_lines": [], "summary": {"covered_lines": 0, "num_statements": 5, "percent_covered": 0.0, "percent_covered_display": "0.00", "missing_lines": 5, "excluded_lines": 0}, "missing_lines": [20, 21, 24, 33, 50], "excluded_lines": []}, "ApifyResultProcessor.is_relevant_url": {"executed_lines": [], "summary": {"covered_lines": 0, "num_statements": 11, "percent_covered": 0.0, "percent_covered_display": "0.00", "missing_lines": 11, "excluded_lines": 0}, "missing_lines": [61, 69, 74, 77, 78, 79, 82, 83, 84, 87, 88], "excluded_lines": []}, "ApifyResultProcessor.extract_from_scraped_data": {"executed_lines": [], "summary": {"covered_lines": 0, "num_statements": 9, "percent_covered": 0.0, "percent_covered_display": "0.00", "missing_lines": 9, "excluded_lines": 0}, "missing_lines": [92, 94, 95, 98, 99, 102, 103, 104, 106], "excluded_lines": []}, "ApifyResultProcessor.extract_from_text": {"executed_lines": [], "summary": {"covered_lines": 0, "num_statements": 11, "percent_covered": 0.0, "percent_covered_display": "0.00", "missing_lines": 11, "excluded_lines": 0}, "missing_lines": [110, 112, 113, 114, 115, 116, 117, 119, 131, 132, 134], "excluded_lines": []}, "ApifyResultProcessor.extract_from_table": {"executed_lines": [], "summary": {"covered_lines": 0, "num_statements": 17, "percent_covered": 0.0, "percent_covered_display": "0.00", "missing_lines": 17, "excluded_lines": 0}, "missing_lines": [138, 140, 141, 144, 147, 148, 150, 151, 152, 153, 154, 155, 156, 168, 169, 170, 172], "excluded_lines": []}, "ApifyResultProcessor.parse_gestim_data": {"executed_lines": [], "summary": {"covered_lines": 0, "num_statements": 9, "percent_covered": 0.0, "percent_covered_display": "0.00", "missing_lines": 9, "excluded_lines": 0}, "missing_lines": [176, 178, 180, 181, 182, 183, 195, 196, 198], "excluded_lines": []}, "ApifyResultProcessor.extract_urls_from_google_results": {"executed_lines": [], "summary": {"covered_lines": 0, "num_statements": 8, "percent_covered": 0.0, "percent_covered_display": "0.00", "missing_lines": 8, "excluded_lines": 0}, "missing_lines": [202, 204, 205, 206, 207, 208, 209, 211], "excluded_lines": []}, "": {"executed_lines": [1, 8, 9, 10, 12, 13, 16, 17, 19, 58, 90, 108, 136, 174, 200], "summary": {"covered_lines": 13, "num_statements": 13, "percent_covered": 100.0, "percent_covered_display": "100.00", "missing_lines": 0, "excluded_lines": 0}, "missing_lines": [], "excluded_lines": []}}, "classes": {"ApifyResultProcessor": {"executed_lines": [], "summary": {"covered_lines": 0, "num_statements": 70, "percent_covered": 0.0, "percent_covered_display": "0.00", "missing_lines": 70, "excluded_lines": 0}, "missing_lines": [20, 21, 24, 33, 50, 61, 69, 74, 77, 78, 79, 82, 83, 84, 87, 88, 92, 94, 95, 98, 99, 102, 103, 104, 106, 110, 112, 113, 114, 115, 116, 117, 119, 131, 132, 134, 138, 140, 141, 144, 147, 148, 150, 151, 152, 153, 154, 155, 156, 168, 169, 170, 172, 176, 178, 180, 181, 182, 183, 195, 196, 198, 202, 204, 205, 206, 207, 208, 209, 211], "excluded_lines": []}, "": {"executed_lines": [1, 8, 9, 10, 12, 13, 16, 17, 19, 58, 90, 108, 136, 174, 200], "summary": {"covered_lines": 13, "num_statements": 13, "percent_covered": 100.0, "percent_covered_display": "100.00", "missing_lines": 0, "excluded_lines": 0}, "missing_lines": [], "excluded_lines": []}}}, "src/agents/apify_agent.py": {"executed_lines": [1, 13, 15], "summary": {"covered_lines": 2, "num_statements": 2, "percent_covered": 100.0, "percent_covered_display": "100.00", "missing_lines": 0, "excluded_lines": 0}, "missing_lines": [], "excluded_lines": [], "functions": {"": {"executed_lines": [1, 13, 15], "summary": {"covered_lines": 2, "num_statements": 2, "percent_covered": 100.0, "percent_covered_display": "100.00", "missing_lines": 0, "excluded_lines": 0}, "missing_lines": [], "excluded_lines": []}}, "classes": {"": {"executed_lines": [1, 13, 15], "summary": {"covered_lines": 2, "num_statements": 2, "percent_covered": 100.0, "percent_covered_display": "100.00", "missing_lines": 0, "excluded_lines": 0}, "missing_lines": [], "excluded_lines": []}}}, "src/agents/base/cache_manager.py": {"executed_lines": [], "summary": {"covered_lines": 0, "num_statements": 124, "percent_covered": 0.0, "percent_covered_display": "0.00", "missing_lines": 124, "excluded_lines": 0}, "missing_lines": [8, 9, 10, 11, 12, 13, 14, 15, 16, 18, 20, 23, 35, 36, 37, 38, 39, 40, 42, 56, 57, 59, 62, 63, 65, 67, 80, 83, 84, 85, 86, 87, 90, 93, 94, 95, 96, 97, 98, 100, 102, 103, 104, 107, 109, 110, 112, 113, 115, 116, 118, 132, 133, 135, 141, 143, 146, 147, 148, 149, 150, 151, 152, 155, 157, 167, 170, 171, 174, 175, 176, 178, 180, 187, 188, 191, 193, 194, 197, 198, 199, 201, 204, 206, 207, 209, 211, 213, 215, 217, 218, 221, 222, 223, 224, 225, 228, 230, 231, 234, 237, 238, 239, 241, 242, 244, 246, 253, 254, 256, 257, 259, 267, 283, 284, 286, 293, 294, 295, 298, 301, 303, 305, 306], "excluded_lines": [], "functions": {"CacheManager.__init__": {"executed_lines": [], "summary": {"covered_lines": 0, "num_statements": 6, "percent_covered": 0.0, "percent_covered_display": "0.00", "missing_lines": 6, "excluded_lines": 0}, "missing_lines": [35, 36, 37, 38, 39, 40], "excluded_lines": []}, "CacheManager._generate_key": {"executed_lines": [], "summary": {"covered_lines": 0, "num_statements": 6, "percent_covered": 0.0, "percent_covered_display": "0.00", "missing_lines": 6, "excluded_lines": 0}, "missing_lines": [56, 57, 59, 62, 63, 65], "excluded_lines": []}, "CacheManager.get": {"executed_lines": [], "summary": {"covered_lines": 0, "num_statements": 24, "percent_covered": 0.0, "percent_covered_display": "0.00", "missing_lines": 24, "excluded_lines": 0}, "missing_lines": [80, 83, 84, 85, 86, 87, 90, 93, 94, 95, 96, 97, 98, 100, 102, 103, 104, 107, 109, 110, 112, 113, 115, 116], "excluded_lines": []}, "CacheManager.set": {"executed_lines": [], "summary": {"covered_lines": 0, "num_statements": 13, "percent_covered": 0.0, "percent_covered_display": "0.00", "missing_lines": 13, "excluded_lines": 0}, "missing_lines": [132, 133, 135, 141, 143, 146, 147, 148, 149, 150, 151, 152, 155], "excluded_lines": []}, "CacheManager.delete": {"executed_lines": [], "summary": {"covered_lines": 0, "num_statements": 7, "percent_covered": 0.0, "percent_covered_display": "0.00", "missing_lines": 7, "excluded_lines": 0}, "missing_lines": [167, 170, 171, 174, 175, 176, 178], "excluded_lines": []}, "CacheManager.clear": {"executed_lines": [], "summary": {"covered_lines": 0, "num_statements": 13, "percent_covered": 0.0, "percent_covered_display": "0.00", "missing_lines": 13, "excluded_lines": 0}, "missing_lines": [187, 188, 191, 193, 194, 197, 198, 199, 201, 204, 206, 207, 209], "excluded_lines": []}, "CacheManager._is_valid": {"executed_lines": [], "summary": {"covered_lines": 0, "num_statements": 1, "percent_covered": 0.0, "percent_covered_display": "0.00", "missing_lines": 1, "excluded_lines": 0}, "missing_lines": [213], "excluded_lines": []}, "CacheManager._check_cache_size": {"executed_lines": [], "summary": {"covered_lines": 0, "num_statements": 17, "percent_covered": 0.0, "percent_covered_display": "0.00", "missing_lines": 17, "excluded_lines": 0}, "missing_lines": [217, 218, 221, 222, 223, 224, 225, 228, 230, 231, 234, 237, 238, 239, 241, 242, 244], "excluded_lines": []}, "CacheManager.get_stats": {"executed_lines": [], "summary": {"covered_lines": 0, "num_statements": 5, "percent_covered": 0.0, "percent_covered_display": "0.00", "missing_lines": 5, "excluded_lines": 0}, "missing_lines": [253, 254, 256, 257, 259], "excluded_lines": []}, "CacheManager.cached": {"executed_lines": [], "summary": {"covered_lines": 0, "num_statements": 2, "percent_covered": 0.0, "percent_covered_display": "0.00", "missing_lines": 2, "excluded_lines": 0}, "missing_lines": [283, 306], "excluded_lines": []}, "CacheManager.cached.decorator": {"executed_lines": [], "summary": {"covered_lines": 0, "num_statements": 2, "percent_covered": 0.0, "percent_covered_display": "0.00", "missing_lines": 2, "excluded_lines": 0}, "missing_lines": [284, 305], "excluded_lines": []}, "CacheManager.cached.decorator.wrapper": {"executed_lines": [], "summary": {"covered_lines": 0, "num_statements": 7, "percent_covered": 0.0, "percent_covered_display": "0.00", "missing_lines": 7, "excluded_lines": 0}, "missing_lines": [286, 293, 294, 295, 298, 301, 303], "excluded_lines": []}, "": {"executed_lines": [], "summary": {"covered_lines": 0, "num_statements": 21, "percent_covered": 0.0, "percent_covered_display": "0.00", "missing_lines": 21, "excluded_lines": 0}, "missing_lines": [8, 9, 10, 11, 12, 13, 14, 15, 16, 18, 20, 23, 42, 67, 118, 157, 180, 211, 215, 246, 267], "excluded_lines": []}}, "classes": {"CacheManager": {"executed_lines": [], "summary": {"covered_lines": 0, "num_statements": 103, "percent_covered": 0.0, "percent_covered_display": "0.00", "missing_lines": 103, "excluded_lines": 0}, "missing_lines": [35, 36, 37, 38, 39, 40, 56, 57, 59, 62, 63, 65, 80, 83, 84, 85, 86, 87, 90, 93, 94, 95, 96, 97, 98, 100, 102, 103, 104, 107, 109, 110, 112, 113, 115, 116, 132, 133, 135, 141, 143, 146, 147, 148, 149, 150, 151, 152, 155, 167, 170, 171, 174, 175, 176, 178, 187, 188, 191, 193, 194, 197, 198, 199, 201, 204, 206, 207, 209, 213, 217, 218, 221, 222, 223, 224, 225, 228, 230, 231, 234, 237, 238, 239, 241, 242, 244, 253, 254, 256, 257, 259, 283, 284, 286, 293, 294, 295, 298, 301, 303, 305, 306], "excluded_lines": []}, "": {"executed_lines": [], "summary": {"covered_lines": 0, "num_statements": 21, "percent_covered": 0.0, "percent_covered_display": "0.00", "missing_lines": 21, "excluded_lines": 0}, "missing_lines": [8, 9, 10, 11, 12, 13, 14, 15, 16, 18, 20, 23, 42, 67, 118, 157, 180, 211, 215, 246, 267], "excluded_lines": []}}}, "src/agents/base/example_usage.py": {"executed_lines": [], "summary": {"covered_lines": 0, "num_statements": 62, "percent_covered": 0.0, "percent_covered_display": "0.00", "missing_lines": 62, "excluded_lines": 3}, "missing_lines": [8, 9, 10, 11, 13, 16, 17, 20, 27, 28, 29, 34, 36, 37, 39, 42, 43, 44, 47, 48, 55, 56, 59, 65, 66, 71, 73, 75, 76, 77, 79, 81, 84, 87, 91, 92, 93, 95, 96, 99, 102, 108, 118, 121, 122, 123, 125, 126, 129, 130, 134, 135, 137, 138, 140, 141, 143, 149, 151, 154, 155, 158], "excluded_lines": [161, 162, 163], "functions": {"ExampleAgentRefactored.__init__": {"executed_lines": [], "summary": {"covered_lines": 0, "num_statements": 5, "percent_covered": 0.0, "percent_covered_display": "0.00", "missing_lines": 5, "excluded_lines": 0}, "missing_lines": [17, 20, 27, 28, 29], "excluded_lines": []}, "ExampleAgentRefactored.initialize": {"executed_lines": [], "summary": {"covered_lines": 0, "num_statements": 2, "percent_covered": 0.0, "percent_covered_display": "0.00", "missing_lines": 2, "excluded_lines": 0}, "missing_lines": [36, 37], "excluded_lines": []}, "ExampleAgentRefactored.search": {"executed_lines": [], "summary": {"covered_lines": 0, "num_statements": 15, "percent_covered": 0.0, "percent_covered_display": "0.00", "missing_lines": 15, "excluded_lines": 0}, "missing_lines": [42, 43, 44, 47, 48, 55, 56, 59, 65, 66, 71, 73, 75, 76, 77], "excluded_lines": []}, "ExampleAgentRefactored.close": {"executed_lines": [], "summary": {"covered_lines": 0, "num_statements": 1, "percent_covered": 0.0, "percent_covered_display": "0.00", "missing_lines": 1, "excluded_lines": 0}, "missing_lines": [81], "excluded_lines": []}, "ExampleResultProcessor._extract_result": {"executed_lines": [], "summary": {"covered_lines": 0, "num_statements": 8, "percent_covered": 0.0, "percent_covered_display": "0.00", "missing_lines": 8, "excluded_lines": 0}, "missing_lines": [91, 92, 93, 95, 96, 99, 102, 108], "excluded_lines": []}, "CachedExampleAgent.__init__": {"executed_lines": [], "summary": {"covered_lines": 0, "num_statements": 2, "percent_covered": 0.0, "percent_covered_display": "0.00", "missing_lines": 2, "excluded_lines": 0}, "missing_lines": [122, 123], "excluded_lines": []}, "CachedExampleAgent.search_api": {"executed_lines": [], "summary": {"covered_lines": 0, "num_statements": 2, "percent_covered": 0.0, "percent_covered_display": "0.00", "missing_lines": 2, "excluded_lines": 0}, "missing_lines": [129, 130], "excluded_lines": []}, "main": {"executed_lines": [], "summary": {"covered_lines": 0, "num_statements": 11, "percent_covered": 0.0, "percent_covered_display": "0.00", "missing_lines": 11, "excluded_lines": 0}, "missing_lines": [135, 137, 138, 140, 141, 143, 149, 151, 154, 155, 158], "excluded_lines": []}, "": {"executed_lines": [], "summary": {"covered_lines": 0, "num_statements": 16, "percent_covered": 0.0, "percent_covered_display": "0.00", "missing_lines": 16, "excluded_lines": 3}, "missing_lines": [8, 9, 10, 11, 13, 16, 34, 39, 79, 84, 87, 118, 121, 125, 126, 134], "excluded_lines": [161, 162, 163]}}, "classes": {"ExampleAgentRefactored": {"executed_lines": [], "summary": {"covered_lines": 0, "num_statements": 23, "percent_covered": 0.0, "percent_covered_display": "0.00", "missing_lines": 23, "excluded_lines": 0}, "missing_lines": [17, 20, 27, 28, 29, 36, 37, 42, 43, 44, 47, 48, 55, 56, 59, 65, 66, 71, 73, 75, 76, 77, 81], "excluded_lines": []}, "ExampleResultProcessor": {"executed_lines": [], "summary": {"covered_lines": 0, "num_statements": 8, "percent_covered": 0.0, "percent_covered_display": "0.00", "missing_lines": 8, "excluded_lines": 0}, "missing_lines": [91, 92, 93, 95, 96, 99, 102, 108], "excluded_lines": []}, "CachedExampleAgent": {"executed_lines": [], "summary": {"covered_lines": 0, "num_statements": 4, "percent_covered": 0.0, "percent_covered_display": "0.00", "missing_lines": 4, "excluded_lines": 0}, "missing_lines": [122, 123, 129, 130], "excluded_lines": []}, "": {"executed_lines": [], "summary": {"covered_lines": 0, "num_statements": 27, "percent_covered": 0.0, "percent_covered_display": "0.00", "missing_lines": 27, "excluded_lines": 3}, "missing_lines": [8, 9, 10, 11, 13, 16, 34, 39, 79, 84, 87, 118, 121, 125, 126, 134, 135, 137, 138, 140, 141, 143, 149, 151, 154, 155, 158], "excluded_lines": [161, 162, 163]}}}, "src/agents/base/http_client.py": {"executed_lines": [], "summary": {"covered_lines": 0, "num_statements": 92, "percent_covered": 0.0, "percent_covered_display": "0.00", "missing_lines": 92, "excluded_lines": 0}, "missing_lines": [8, 9, 10, 11, 12, 13, 15, 17, 20, 34, 35, 36, 37, 38, 39, 41, 43, 44, 46, 48, 50, 52, 53, 58, 60, 61, 62, 64, 66, 67, 68, 69, 70, 72, 89, 90, 93, 96, 97, 98, 100, 101, 102, 103, 110, 111, 113, 114, 115, 116, 118, 121, 122, 123, 124, 125, 129, 130, 131, 133, 134, 135, 137, 138, 139, 141, 142, 143, 146, 147, 148, 149, 152, 154, 156, 158, 160, 162, 164, 165, 166, 167, 168, 169, 170, 171, 172, 173, 174, 175, 176, 177], "excluded_lines": [], "functions": {"BaseHTTPClient.__init__": {"executed_lines": [], "summary": {"covered_lines": 0, "num_statements": 6, "percent_covered": 0.0, "percent_covered_display": "0.00", "missing_lines": 6, "excluded_lines": 0}, "missing_lines": [34, 35, 36, 37, 38, 39], "excluded_lines": []}, "BaseHTTPClient.__aenter__": {"executed_lines": [], "summary": {"covered_lines": 0, "num_statements": 2, "percent_covered": 0.0, "percent_covered_display": "0.00", "missing_lines": 2, "excluded_lines": 0}, "missing_lines": [43, 44], "excluded_lines": []}, "BaseHTTPClient.__aexit__": {"executed_lines": [], "summary": {"covered_lines": 0, "num_statements": 1, "percent_covered": 0.0, "percent_covered_display": "0.00", "missing_lines": 1, "excluded_lines": 0}, "missing_lines": [48], "excluded_lines": []}, "BaseHTTPClient.start": {"executed_lines": [], "summary": {"covered_lines": 0, "num_statements": 2, "percent_covered": 0.0, "percent_covered_display": "0.00", "missing_lines": 2, "excluded_lines": 0}, "missing_lines": [52, 53], "excluded_lines": []}, "BaseHTTPClient.close": {"executed_lines": [], "summary": {"covered_lines": 0, "num_statements": 3, "percent_covered": 0.0, "percent_covered_display": "0.00", "missing_lines": 3, "excluded_lines": 0}, "missing_lines": [60, 61, 62], "excluded_lines": []}, "BaseHTTPClient._apply_rate_limit": {"executed_lines": [], "summary": {"covered_lines": 0, "num_statements": 5, "percent_covered": 0.0, "percent_covered_display": "0.00", "missing_lines": 5, "excluded_lines": 0}, "missing_lines": [66, 67, 68, 69, 70], "excluded_lines": []}, "BaseHTTPClient.request": {"executed_lines": [], "summary": {"covered_lines": 0, "num_statements": 39, "percent_covered": 0.0, "percent_covered_display": "0.00", "missing_lines": 39, "excluded_lines": 0}, "missing_lines": [89, 90, 93, 96, 97, 98, 100, 101, 102, 103, 110, 111, 113, 114, 115, 116, 118, 121, 122, 123, 124, 125, 129, 130, 131, 133, 134, 135, 137, 138, 139, 141, 142, 143, 146, 147, 148, 149, 152], "excluded_lines": []}, "BaseHTTPClient.get": {"executed_lines": [], "summary": {"covered_lines": 0, "num_statements": 1, "percent_covered": 0.0, "percent_covered_display": "0.00", "missing_lines": 1, "excluded_lines": 0}, "missing_lines": [156], "excluded_lines": []}, "BaseHTTPClient.post": {"executed_lines": [], "summary": {"covered_lines": 0, "num_statements": 1, "percent_covered": 0.0, "percent_covered_display": "0.00", "missing_lines": 1, "excluded_lines": 0}, "missing_lines": [160], "excluded_lines": []}, "BaseHTTPClient.with_retry": {"executed_lines": [], "summary": {"covered_lines": 0, "num_statements": 3, "percent_covered": 0.0, "percent_covered_display": "0.00", "missing_lines": 3, "excluded_lines": 0}, "missing_lines": [164, 165, 177], "excluded_lines": []}, "BaseHTTPClient.with_retry.wrapper": {"executed_lines": [], "summary": {"covered_lines": 0, "num_statements": 11, "percent_covered": 0.0, "percent_covered_display": "0.00", "missing_lines": 11, "excluded_lines": 0}, "missing_lines": [166, 167, 168, 169, 170, 171, 172, 173, 174, 175, 176], "excluded_lines": []}, "": {"executed_lines": [], "summary": {"covered_lines": 0, "num_statements": 18, "percent_covered": 0.0, "percent_covered_display": "0.00", "missing_lines": 18, "excluded_lines": 0}, "missing_lines": [8, 9, 10, 11, 12, 13, 15, 17, 20, 41, 46, 50, 58, 64, 72, 154, 158, 162], "excluded_lines": []}}, "classes": {"BaseHTTPClient": {"executed_lines": [], "summary": {"covered_lines": 0, "num_statements": 74, "percent_covered": 0.0, "percent_covered_display": "0.00", "missing_lines": 74, "excluded_lines": 0}, "missing_lines": [34, 35, 36, 37, 38, 39, 43, 44, 48, 52, 53, 60, 61, 62, 66, 67, 68, 69, 70, 89, 90, 93, 96, 97, 98, 100, 101, 102, 103, 110, 111, 113, 114, 115, 116, 118, 121, 122, 123, 124, 125, 129, 130, 131, 133, 134, 135, 137, 138, 139, 141, 142, 143, 146, 147, 148, 149, 152, 156, 160, 164, 165, 166, 167, 168, 169, 170, 171, 172, 173, 174, 175, 176, 177], "excluded_lines": []}, "": {"executed_lines": [], "summary": {"covered_lines": 0, "num_statements": 18, "percent_covered": 0.0, "percent_covered_display": "0.00", "missing_lines": 18, "excluded_lines": 0}, "missing_lines": [8, 9, 10, 11, 12, 13, 15, 17, 20, 41, 46, 50, 58, 64, 72, 154, 158, 162], "excluded_lines": []}}}, "src/agents/base/query_builder.py": {"executed_lines": [], "summary": {"covered_lines": 0, "num_statements": 110, "percent_covered": 0.0, "percent_covered_display": "0.00", "missing_lines": 110, "excluded_lines": 0}, "missing_lines": [8, 9, 10, 11, 13, 16, 18, 25, 32, 47, 50, 51, 52, 53, 55, 58, 59, 60, 65, 68, 69, 74, 77, 78, 79, 80, 82, 85, 86, 88, 90, 107, 108, 111, 114, 115, 116, 118, 120, 122, 125, 126, 128, 129, 132, 133, 136, 137, 138, 139, 142, 143, 145, 147, 152, 155, 156, 157, 160, 163, 164, 166, 167, 169, 171, 173, 176, 183, 184, 185, 186, 189, 191, 192, 194, 196, 202, 229, 230, 231, 232, 233, 235, 237, 239, 249, 252, 253, 256, 257, 258, 261, 262, 263, 266, 267, 270, 272, 290, 291, 294, 295, 296, 299, 300, 301, 304, 305, 306, 308], "excluded_lines": [], "functions": {"QueryBuilder.__init__": {"executed_lines": [], "summary": {"covered_lines": 0, "num_statements": 2, "percent_covered": 0.0, "percent_covered_display": "0.00", "missing_lines": 2, "excluded_lines": 0}, "missing_lines": [18, 25], "excluded_lines": []}, "QueryBuilder.build_search_query": {"executed_lines": [], "summary": {"covered_lines": 0, "num_statements": 21, "percent_covered": 0.0, "percent_covered_display": "0.00", "missing_lines": 21, "excluded_lines": 0}, "missing_lines": [47, 50, 51, 52, 53, 55, 58, 59, 60, 65, 68, 69, 74, 77, 78, 79, 80, 82, 85, 86, 88], "excluded_lines": []}, "QueryBuilder.build_url_query": {"executed_lines": [], "summary": {"covered_lines": 0, "num_statements": 7, "percent_covered": 0.0, "percent_covered_display": "0.00", "missing_lines": 7, "excluded_lines": 0}, "missing_lines": [107, 108, 111, 114, 115, 116, 118], "excluded_lines": []}, "QueryBuilder._get_name_variants": {"executed_lines": [], "summary": {"covered_lines": 0, "num_statements": 14, "percent_covered": 0.0, "percent_covered_display": "0.00", "missing_lines": 14, "excluded_lines": 0}, "missing_lines": [122, 125, 126, 128, 129, 132, 133, 136, 137, 138, 139, 142, 143, 145], "excluded_lines": []}, "QueryBuilder._build_location_query": {"executed_lines": [], "summary": {"covered_lines": 0, "num_statements": 10, "percent_covered": 0.0, "percent_covered_display": "0.00", "missing_lines": 10, "excluded_lines": 0}, "missing_lines": [152, 155, 156, 157, 160, 163, 164, 166, 167, 169], "excluded_lines": []}, "QueryBuilder._get_location_variants": {"executed_lines": [], "summary": {"covered_lines": 0, "num_statements": 10, "percent_covered": 0.0, "percent_covered_display": "0.00", "missing_lines": 10, "excluded_lines": 0}, "missing_lines": [173, 176, 183, 184, 185, 186, 189, 191, 192, 194], "excluded_lines": []}, "QueryBuilder._build_type_query": {"executed_lines": [], "summary": {"covered_lines": 0, "num_statements": 8, "percent_covered": 0.0, "percent_covered_display": "0.00", "missing_lines": 8, "excluded_lines": 0}, "missing_lines": [202, 229, 230, 231, 232, 233, 235, 237], "excluded_lines": []}, "QueryBuilder.extract_keywords": {"executed_lines": [], "summary": {"covered_lines": 0, "num_statements": 12, "percent_covered": 0.0, "percent_covered_display": "0.00", "missing_lines": 12, "excluded_lines": 0}, "missing_lines": [249, 252, 253, 256, 257, 258, 261, 262, 263, 266, 267, 270], "excluded_lines": []}, "QueryBuilder.build_advanced_query": {"executed_lines": [], "summary": {"covered_lines": 0, "num_statements": 12, "percent_covered": 0.0, "percent_covered_display": "0.00", "missing_lines": 12, "excluded_lines": 0}, "missing_lines": [290, 291, 294, 295, 296, 299, 300, 301, 304, 305, 306, 308], "excluded_lines": []}, "": {"executed_lines": [], "summary": {"covered_lines": 0, "num_statements": 14, "percent_covered": 0.0, "percent_covered_display": "0.00", "missing_lines": 14, "excluded_lines": 0}, "missing_lines": [8, 9, 10, 11, 13, 16, 32, 90, 120, 147, 171, 196, 239, 272], "excluded_lines": []}}, "classes": {"QueryBuilder": {"executed_lines": [], "summary": {"covered_lines": 0, "num_statements": 96, "percent_covered": 0.0, "percent_covered_display": "0.00", "missing_lines": 96, "excluded_lines": 0}, "missing_lines": [18, 25, 47, 50, 51, 52, 53, 55, 58, 59, 60, 65, 68, 69, 74, 77, 78, 79, 80, 82, 85, 86, 88, 107, 108, 111, 114, 115, 116, 118, 122, 125, 126, 128, 129, 132, 133, 136, 137, 138, 139, 142, 143, 145, 152, 155, 156, 157, 160, 163, 164, 166, 167, 169, 173, 176, 183, 184, 185, 186, 189, 191, 192, 194, 202, 229, 230, 231, 232, 233, 235, 237, 249, 252, 253, 256, 257, 258, 261, 262, 263, 266, 267, 270, 290, 291, 294, 295, 296, 299, 300, 301, 304, 305, 306, 308], "excluded_lines": []}, "": {"executed_lines": [], "summary": {"covered_lines": 0, "num_statements": 14, "percent_covered": 0.0, "percent_covered_display": "0.00", "missing_lines": 14, "excluded_lines": 0}, "missing_lines": [8, 9, 10, 11, 13, 16, 32, 90, 120, 147, 171, 196, 239, 272], "excluded_lines": []}}}, "src/agents/base/result_processor.py": {"executed_lines": [], "summary": {"covered_lines": 0, "num_statements": 107, "percent_covered": 0.0, "percent_covered_display": "0.00", "missing_lines": 107, "excluded_lines": 1}, "missing_lines": [8, 9, 10, 11, 12, 13, 15, 17, 20, 27, 28, 30, 52, 55, 62, 63, 66, 83, 96, 97, 99, 100, 102, 104, 105, 106, 108, 109, 110, 113, 115, 122, 124, 125, 128, 129, 132, 135, 137, 139, 141, 142, 145, 148, 151, 153, 155, 157, 159, 164, 165, 168, 169, 172, 173, 175, 177, 179, 181, 182, 184, 186, 187, 188, 191, 192, 193, 194, 196, 197, 199, 201, 214, 217, 218, 221, 222, 225, 226, 227, 228, 229, 232, 233, 234, 235, 236, 237, 240, 242, 244, 246, 256, 258, 270, 271, 272, 273, 274, 277, 278, 280, 283, 284, 285, 287, 289], "excluded_lines": [120], "functions": {"ResultProcessor.__init__": {"executed_lines": [], "summary": {"covered_lines": 0, "num_statements": 2, "percent_covered": 0.0, "percent_covered_display": "0.00", "missing_lines": 2, "excluded_lines": 0}, "missing_lines": [27, 28], "excluded_lines": []}, "ResultProcessor.create_result": {"executed_lines": [], "summary": {"covered_lines": 0, "num_statements": 5, "percent_covered": 0.0, "percent_covered_display": "0.00", "missing_lines": 5, "excluded_lines": 0}, "missing_lines": [52, 55, 62, 63, 66], "excluded_lines": []}, "ResultProcessor.process_results": {"executed_lines": [], "summary": {"covered_lines": 0, "num_statements": 12, "percent_covered": 0.0, "percent_covered_display": "0.00", "missing_lines": 12, "excluded_lines": 0}, "missing_lines": [96, 97, 99, 100, 102, 104, 105, 106, 108, 109, 110, 113], "excluded_lines": []}, "ResultProcessor._extract_result": {"executed_lines": [], "summary": {"covered_lines": 0, "num_statements": 0, "percent_covered": 100.0, "percent_covered_display": "100.00", "missing_lines": 0, "excluded_lines": 1}, "missing_lines": [], "excluded_lines": [120]}, "ResultProcessor._normalize_url": {"executed_lines": [], "summary": {"covered_lines": 0, "num_statements": 7, "percent_covered": 0.0, "percent_covered_display": "0.00", "missing_lines": 7, "excluded_lines": 0}, "missing_lines": [124, 125, 128, 129, 132, 135, 137], "excluded_lines": []}, "ResultProcessor._clean_text": {"executed_lines": [], "summary": {"covered_lines": 0, "num_statements": 6, "percent_covered": 0.0, "percent_covered_display": "0.00", "missing_lines": 6, "excluded_lines": 0}, "missing_lines": [141, 142, 145, 148, 151, 153], "excluded_lines": []}, "ResultProcessor._normalize_confidence": {"executed_lines": [], "summary": {"covered_lines": 0, "num_statements": 1, "percent_covered": 0.0, "percent_covered_display": "0.00", "missing_lines": 1, "excluded_lines": 0}, "missing_lines": [157], "excluded_lines": []}, "ResultProcessor._calculate_similarity": {"executed_lines": [], "summary": {"covered_lines": 0, "num_statements": 7, "percent_covered": 0.0, "percent_covered_display": "0.00", "missing_lines": 7, "excluded_lines": 0}, "missing_lines": [164, 165, 168, 169, 172, 173, 175], "excluded_lines": []}, "ResultProcessor._remove_duplicates": {"executed_lines": [], "summary": {"covered_lines": 0, "num_statements": 14, "percent_covered": 0.0, "percent_covered_display": "0.00", "missing_lines": 14, "excluded_lines": 0}, "missing_lines": [179, 181, 182, 184, 186, 187, 188, 191, 192, 193, 194, 196, 197, 199], "excluded_lines": []}, "ResultProcessor.calculate_relevance_score": {"executed_lines": [], "summary": {"covered_lines": 0, "num_statements": 18, "percent_covered": 0.0, "percent_covered_display": "0.00", "missing_lines": 18, "excluded_lines": 0}, "missing_lines": [214, 217, 218, 221, 222, 225, 226, 227, 228, 229, 232, 233, 234, 235, 236, 237, 240, 242], "excluded_lines": []}, "ResultProcessor._get_mining_keywords": {"executed_lines": [], "summary": {"covered_lines": 0, "num_statements": 2, "percent_covered": 0.0, "percent_covered_display": "0.00", "missing_lines": 2, "excluded_lines": 0}, "missing_lines": [246, 256], "excluded_lines": []}, "ResultProcessor.deduplicate_across_sources": {"executed_lines": [], "summary": {"covered_lines": 0, "num_statements": 13, "percent_covered": 0.0, "percent_covered_display": "0.00", "missing_lines": 13, "excluded_lines": 0}, "missing_lines": [270, 271, 272, 273, 274, 277, 278, 280, 283, 284, 285, 287, 289], "excluded_lines": []}, "": {"executed_lines": [], "summary": {"covered_lines": 0, "num_statements": 20, "percent_covered": 0.0, "percent_covered_display": "0.00", "missing_lines": 20, "excluded_lines": 0}, "missing_lines": [8, 9, 10, 11, 12, 13, 15, 17, 20, 30, 83, 115, 122, 139, 155, 159, 177, 201, 244, 258], "excluded_lines": []}}, "classes": {"ResultProcessor": {"executed_lines": [], "summary": {"covered_lines": 0, "num_statements": 87, "percent_covered": 0.0, "percent_covered_display": "0.00", "missing_lines": 87, "excluded_lines": 1}, "missing_lines": [27, 28, 52, 55, 62, 63, 66, 96, 97, 99, 100, 102, 104, 105, 106, 108, 109, 110, 113, 124, 125, 128, 129, 132, 135, 137, 141, 142, 145, 148, 151, 153, 157, 164, 165, 168, 169, 172, 173, 175, 179, 181, 182, 184, 186, 187, 188, 191, 192, 193, 194, 196, 197, 199, 214, 217, 218, 221, 222, 225, 226, 227, 228, 229, 232, 233, 234, 235, 236, 237, 240, 242, 246, 256, 270, 271, 272, 273, 274, 277, 278, 280, 283, 284, 285, 287, 289], "excluded_lines": [120]}, "": {"executed_lines": [], "summary": {"covered_lines": 0, "num_statements": 20, "percent_covered": 0.0, "percent_covered_display": "0.00", "missing_lines": 20, "excluded_lines": 0}, "missing_lines": [8, 9, 10, 11, 12, 13, 15, 17, 20, 30, 83, 115, 122, 139, 155, 159, 177, 201, 244, 258], "excluded_lines": []}}}, "src/agents/base_agent.py": {"executed_lines": [1, 4, 5, 6, 7, 8, 9, 10, 11, 12, 13, 14, 17, 18, 19, 20, 21, 22, 23, 26, 27, 28, 29, 30, 31, 32, 33, 35, 41, 42, 43, 44, 45, 46, 47, 48, 49, 50, 51, 52, 53, 54, 56, 73, 74, 76, 94, 95, 99, 100, 104, 105, 109, 117, 152, 157, 170, 194, 199, 214, 237, 262, 292, 301, 312, 348, 376, 403, 444], "summary": {"covered_lines": 58, "num_statements": 210, "percent_covered": 27.61904761904762, "percent_covered_display": "27.62", "missing_lines": 152, "excluded_lines": 12}, "missing_lines": [37, 38, 58, 77, 78, 79, 80, 81, 88, 89, 90, 91, 92, 111, 112, 113, 114, 115, 119, 121, 123, 124, 125, 128, 131, 134, 135, 138, 139, 142, 144, 146, 147, 148, 149, 150, 154, 155, 160, 161, 162, 163, 164, 165, 168, 172, 173, 174, 175, 178, 197, 201, 204, 205, 207, 209, 210, 212, 216, 217, 218, 219, 221, 222, 225, 228, 229, 230, 231, 232, 233, 234, 235, 239, 240, 243, 244, 245, 246, 247, 250, 251, 253, 254, 255, 256, 257, 258, 260, 265, 268, 269, 270, 273, 290, 299, 308, 309, 310, 320, 324, 327, 336, 337, 338, 340, 343, 344, 346, 354, 356, 359, 360, 361, 364, 370, 371, 373, 374, 389, 390, 391, 392, 393, 394, 397, 398, 399, 401, 410, 413, 427, 435, 436, 438, 439, 442, 456, 457, 459, 462, 470, 471, 472, 473, 476, 479, 480, 481, 482, 485, 487], "excluded_lines": [94, 95, 96, 97, 99, 100, 101, 102, 104, 105, 106, 107], "functions": {"MineQuery.get_cache_key": {"executed_lines": [], "summary": {"covered_lines": 0, "num_statements": 2, "percent_covered": 0.0, "percent_covered_display": "0.00", "missing_lines": 2, "excluded_lines": 0}, "missing_lines": [37, 38], "excluded_lines": []}, "SearchResult.to_dict": {"executed_lines": [], "summary": {"covered_lines": 0, "num_statements": 1, "percent_covered": 0.0, "percent_covered_display": "0.00", "missing_lines": 1, "excluded_lines": 0}, "missing_lines": [58], "excluded_lines": []}, "BaseAgent.__init__": {"executed_lines": [], "summary": {"covered_lines": 0, "num_statements": 10, "percent_covered": 0.0, "percent_covered_display": "0.00", "missing_lines": 10, "excluded_lines": 0}, "missing_lines": [77, 78, 79, 80, 81, 88, 89, 90, 91, 92], "excluded_lines": []}, "BaseAgent.initialize": {"executed_lines": [], "summary": {"covered_lines": 0, "num_statements": 0, "percent_covered": 100.0, "percent_covered_display": "100.00", "missing_lines": 0, "excluded_lines": 2}, "missing_lines": [], "excluded_lines": [96, 97]}, "BaseAgent.search_mine": {"executed_lines": [], "summary": {"covered_lines": 0, "num_statements": 0, "percent_covered": 100.0, "percent_covered_display": "100.00", "missing_lines": 0, "excluded_lines": 2}, "missing_lines": [], "excluded_lines": [101, 102]}, "BaseAgent.validate_credentials": {"executed_lines": [], "summary": {"covered_lines": 0, "num_statements": 0, "percent_covered": 100.0, "percent_covered_display": "100.00", "missing_lines": 0, "excluded_lines": 2}, "missing_lines": [], "excluded_lines": [106, 107]}, "BaseAgent._send_status": {"executed_lines": [], "summary": {"covered_lines": 0, "num_statements": 5, "percent_covered": 0.0, "percent_covered_display": "0.00", "missing_lines": 5, "excluded_lines": 0}, "missing_lines": [111, 112, 113, 114, 115], "excluded_lines": []}, "BaseAgent.execute_search": {"executed_lines": [], "summary": {"covered_lines": 0, "num_statements": 18, "percent_covered": 0.0, "percent_covered_display": "0.00", "missing_lines": 18, "excluded_lines": 0}, "missing_lines": [119, 121, 123, 124, 125, 128, 131, 134, 135, 138, 139, 142, 144, 146, 147, 148, 149, 150], "excluded_lines": []}, "BaseAgent._check_rate_limit": {"executed_lines": [], "summary": {"covered_lines": 0, "num_statements": 2, "percent_covered": 0.0, "percent_covered_display": "0.00", "missing_lines": 2, "excluded_lines": 0}, "missing_lines": [154, 155], "excluded_lines": []}, "BaseAgent.cleanup": {"executed_lines": [], "summary": {"covered_lines": 0, "num_statements": 7, "percent_covered": 0.0, "percent_covered_display": "0.00", "missing_lines": 7, "excluded_lines": 0}, "missing_lines": [160, 161, 162, 163, 164, 165, 168], "excluded_lines": []}, "BaseAgent.get_statistics": {"executed_lines": [], "summary": {"covered_lines": 0, "num_statements": 5, "percent_covered": 0.0, "percent_covered_display": "0.00", "missing_lines": 5, "excluded_lines": 0}, "missing_lines": [172, 173, 174, 175, 178], "excluded_lines": []}, "BaseAgent._parse_language_response": {"executed_lines": [], "summary": {"covered_lines": 0, "num_statements": 1, "percent_covered": 0.0, "percent_covered_display": "0.00", "missing_lines": 1, "excluded_lines": 0}, "missing_lines": [197], "excluded_lines": []}, "BaseAgent._extract_year_from_text": {"executed_lines": [], "summary": {"covered_lines": 0, "num_statements": 7, "percent_covered": 0.0, "percent_covered_display": "0.00", "missing_lines": 7, "excluded_lines": 0}, "missing_lines": [201, 204, 205, 207, 209, 210, 212], "excluded_lines": []}, "BaseAgent._handle_api_error": {"executed_lines": [], "summary": {"covered_lines": 0, "num_statements": 15, "percent_covered": 0.0, "percent_covered_display": "0.00", "missing_lines": 15, "excluded_lines": 0}, "missing_lines": [216, 217, 218, 219, 221, 222, 225, 228, 229, 230, 231, 232, 233, 234, 235], "excluded_lines": []}, "BaseAgent._safe_extract_json": {"executed_lines": [], "summary": {"covered_lines": 0, "num_statements": 16, "percent_covered": 0.0, "percent_covered_display": "0.00", "missing_lines": 16, "excluded_lines": 0}, "missing_lines": [239, 240, 243, 244, 245, 246, 247, 250, 251, 253, 254, 255, 256, 257, 258, 260], "excluded_lines": []}, "BaseAgent._normalize_field_name": {"executed_lines": [], "summary": {"covered_lines": 0, "num_statements": 6, "percent_covered": 0.0, "percent_covered_display": "0.00", "missing_lines": 6, "excluded_lines": 0}, "missing_lines": [265, 268, 269, 270, 273, 290], "excluded_lines": []}, "BaseAgent.set_cancellation_token": {"executed_lines": [], "summary": {"covered_lines": 0, "num_statements": 1, "percent_covered": 0.0, "percent_covered_display": "0.00", "missing_lines": 1, "excluded_lines": 0}, "missing_lines": [299], "excluded_lines": []}, "BaseAgent.check_cancellation": {"executed_lines": [], "summary": {"covered_lines": 0, "num_statements": 3, "percent_covered": 0.0, "percent_covered_display": "0.00", "missing_lines": 3, "excluded_lines": 0}, "missing_lines": [308, 309, 310], "excluded_lines": []}, "BaseAgent._extract_with_context": {"executed_lines": [], "summary": {"covered_lines": 0, "num_statements": 10, "percent_covered": 0.0, "percent_covered_display": "0.00", "missing_lines": 10, "excluded_lines": 0}, "missing_lines": [320, 324, 327, 336, 337, 338, 340, 343, 344, 346], "excluded_lines": []}, "BaseAgent._normalize_currency": {"executed_lines": [], "summary": {"covered_lines": 0, "num_statements": 10, "percent_covered": 0.0, "percent_covered_display": "0.00", "missing_lines": 10, "excluded_lines": 0}, "missing_lines": [354, 356, 359, 360, 361, 364, 370, 371, 373, 374], "excluded_lines": []}, "BaseAgent._add_geographic_constraints": {"executed_lines": [], "summary": {"covered_lines": 0, "num_statements": 10, "percent_covered": 0.0, "percent_covered_display": "0.00", "missing_lines": 10, "excluded_lines": 0}, "missing_lines": [389, 390, 391, 392, 393, 394, 397, 398, 399, 401], "excluded_lines": []}, "BaseAgent._get_geographic_exclusions": {"executed_lines": [], "summary": {"covered_lines": 0, "num_statements": 8, "percent_covered": 0.0, "percent_covered_display": "0.00", "missing_lines": 8, "excluded_lines": 0}, "missing_lines": [410, 413, 427, 435, 436, 438, 439, 442], "excluded_lines": []}, "BaseAgent._validate_geographic_result": {"executed_lines": [], "summary": {"covered_lines": 0, "num_statements": 15, "percent_covered": 0.0, "percent_covered_display": "0.00", "missing_lines": 15, "excluded_lines": 0}, "missing_lines": [456, 457, 459, 462, 470, 471, 472, 473, 476, 479, 480, 481, 482, 485, 487], "excluded_lines": []}, "": {"executed_lines": [1, 4, 5, 6, 7, 8, 9, 10, 11, 12, 13, 14, 17, 18, 19, 20, 21, 22, 23, 26, 27, 28, 29, 30, 31, 32, 33, 35, 41, 42, 43, 44, 45, 46, 47, 48, 49, 50, 51, 52, 53, 54, 56, 73, 74, 76, 94, 95, 99, 100, 104, 105, 109, 117, 152, 157, 170, 194, 199, 214, 237, 262, 292, 301, 312, 348, 376, 403, 444], "summary": {"covered_lines": 58, "num_statements": 58, "percent_covered": 100.0, "percent_covered_display": "100.00", "missing_lines": 0, "excluded_lines": 6}, "missing_lines": [], "excluded_lines": [94, 95, 99, 100, 104, 105]}}, "classes": {"AgentStatus": {"executed_lines": [], "summary": {"covered_lines": 0, "num_statements": 0, "percent_covered": 100.0, "percent_covered_display": "100.00", "missing_lines": 0, "excluded_lines": 0}, "missing_lines": [], "excluded_lines": []}, "MineQuery": {"executed_lines": [], "summary": {"covered_lines": 0, "num_statements": 2, "percent_covered": 0.0, "percent_covered_display": "0.00", "missing_lines": 2, "excluded_lines": 0}, "missing_lines": [37, 38], "excluded_lines": []}, "SearchResult": {"executed_lines": [], "summary": {"covered_lines": 0, "num_statements": 1, "percent_covered": 0.0, "percent_covered_display": "0.00", "missing_lines": 1, "excluded_lines": 0}, "missing_lines": [58], "excluded_lines": []}, "BaseAgent": {"executed_lines": [], "summary": {"covered_lines": 0, "num_statements": 149, "percent_covered": 0.0, "percent_covered_display": "0.00", "missing_lines": 149, "excluded_lines": 6}, "missing_lines": [77, 78, 79, 80, 81, 88, 89, 90, 91, 92, 111, 112, 113, 114, 115, 119, 121, 123, 124, 125, 128, 131, 134, 135, 138, 139, 142, 144, 146, 147, 148, 149, 150, 154, 155, 160, 161, 162, 163, 164, 165, 168, 172, 173, 174, 175, 178, 197, 201, 204, 205, 207, 209, 210, 212, 216, 217, 218, 219, 221, 222, 225, 228, 229, 230, 231, 232, 233, 234, 235, 239, 240, 243, 244, 245, 246, 247, 250, 251, 253, 254, 255, 256, 257, 258, 260, 265, 268, 269, 270, 273, 290, 299, 308, 309, 310, 320, 324, 327, 336, 337, 338, 340, 343, 344, 346, 354, 356, 359, 360, 361, 364, 370, 371, 373, 374, 389, 390, 391, 392, 393, 394, 397, 398, 399, 401, 410, 413, 427, 435, 436, 438, 439, 442, 456, 457, 459, 462, 470, 471, 472, 473, 476, 479, 480, 481, 482, 485, 487], "excluded_lines": [96, 97, 101, 102, 106, 107]}, "": {"executed_lines": [1, 4, 5, 6, 7, 8, 9, 10, 11, 12, 13, 14, 17, 18, 19, 20, 21, 22, 23, 26, 27, 28, 29, 30, 31, 32, 33, 35, 41, 42, 43, 44, 45, 46, 47, 48, 49, 50, 51, 52, 53, 54, 56, 73, 74, 76, 94, 95, 99, 100, 104, 105, 109, 117, 152, 157, 170, 194, 199, 214, 237, 262, 292, 301, 312, 348, 376, 403, 444], "summary": {"covered_lines": 58, "num_statements": 58, "percent_covered": 100.0, "percent_covered_display": "100.00", "missing_lines": 0, "excluded_lines": 6}, "missing_lines": [], "excluded_lines": [94, 95, 99, 100, 104, 105]}}}, "src/agents/brightdata/brightdata_agent.py": {"executed_lines": [1, 13, 14, 15, 16, 18, 19, 20, 21, 23, 24], "summary": {"covered_lines": 10, "num_statements": 109, "percent_covered": 9.174311926605505, "percent_covered_display": "9.17", "missing_lines": 99, "excluded_lines": 0}, "missing_lines": [25, 28, 31, 32, 33, 34, 35, 36, 37, 38, 41, 42, 44, 46, 47, 50, 55, 56, 57, 58, 60, 61, 63, 64, 65, 67, 69, 70, 71, 73, 75, 80, 85, 87, 88, 89, 91, 93, 95, 97, 99, 100, 103, 104, 107, 112, 113, 114, 116, 117, 119, 121, 123, 124, 125, 128, 129, 131, 137, 138, 139, 141, 142, 143, 145, 147, 149, 151, 153, 160, 162, 164, 165, 169, 170, 171, 173, 174, 176, 178, 180, 183, 194, 195, 196, 206, 208, 210, 211, 212, 214, 215, 217, 219, 226, 228, 230, 231, 232], "excluded_lines": [], "functions": {"BrightDataAgent.__init__": {"executed_lines": [], "summary": {"covered_lines": 0, "num_statements": 9, "percent_covered": 0.0, "percent_covered_display": "0.00", "missing_lines": 9, "excluded_lines": 0}, "missing_lines": [32, 33, 34, 35, 36, 37, 38, 41, 42], "excluded_lines": []}, "BrightDataAgent.initialize": {"executed_lines": [], "summary": {"covered_lines": 0, "num_statements": 12, "percent_covered": 0.0, "percent_covered_display": "0.00", "missing_lines": 12, "excluded_lines": 0}, "missing_lines": [46, 47, 50, 55, 56, 57, 58, 60, 61, 63, 64, 65], "excluded_lines": []}, "BrightDataAgent.validate_credentials": {"executed_lines": [], "summary": {"covered_lines": 0, "num_statements": 10, "percent_covered": 0.0, "percent_covered_display": "0.00", "missing_lines": 10, "excluded_lines": 0}, "missing_lines": [69, 70, 71, 73, 75, 80, 85, 87, 88, 89], "excluded_lines": []}, "BrightDataAgent.search_mine": {"executed_lines": [], "summary": {"covered_lines": 0, "num_statements": 28, "percent_covered": 0.0, "percent_covered_display": "0.00", "missing_lines": 28, "excluded_lines": 0}, "missing_lines": [93, 95, 97, 99, 100, 103, 104, 107, 112, 113, 114, 116, 117, 119, 121, 123, 124, 125, 128, 129, 131, 137, 138, 139, 141, 142, 143, 145], "excluded_lines": []}, "BrightDataAgent._deep_mining_scrape": {"executed_lines": [], "summary": {"covered_lines": 0, "num_statements": 13, "percent_covered": 0.0, "percent_covered_display": "0.00", "missing_lines": 13, "excluded_lines": 0}, "missing_lines": [149, 151, 153, 160, 162, 164, 165, 169, 170, 171, 173, 174, 176], "excluded_lines": []}, "BrightDataAgent._collect_enhanced_specialized_data": {"executed_lines": [], "summary": {"covered_lines": 0, "num_statements": 13, "percent_covered": 0.0, "percent_covered_display": "0.00", "missing_lines": 13, "excluded_lines": 0}, "missing_lines": [180, 183, 194, 195, 196, 206, 208, 210, 211, 212, 214, 215, 217], "excluded_lines": []}, "BrightDataAgent._get_country_code": {"executed_lines": [], "summary": {"covered_lines": 0, "num_statements": 1, "percent_covered": 0.0, "percent_covered_display": "0.00", "missing_lines": 1, "excluded_lines": 0}, "missing_lines": [226], "excluded_lines": []}, "BrightDataAgent.cleanup": {"executed_lines": [], "summary": {"covered_lines": 0, "num_statements": 3, "percent_covered": 0.0, "percent_covered_display": "0.00", "missing_lines": 3, "excluded_lines": 0}, "missing_lines": [230, 231, 232], "excluded_lines": []}, "": {"executed_lines": [1, 13, 14, 15, 16, 18, 19, 20, 21, 23, 24], "summary": {"covered_lines": 10, "num_statements": 20, "percent_covered": 50.0, "percent_covered_display": "50.00", "missing_lines": 10, "excluded_lines": 0}, "missing_lines": [25, 28, 31, 44, 67, 91, 147, 178, 219, 228], "excluded_lines": []}}, "classes": {"BrightDataAgent": {"executed_lines": [], "summary": {"covered_lines": 0, "num_statements": 89, "percent_covered": 0.0, "percent_covered_display": "0.00", "missing_lines": 89, "excluded_lines": 0}, "missing_lines": [32, 33, 34, 35, 36, 37, 38, 41, 42, 46, 47, 50, 55, 56, 57, 58, 60, 61, 63, 64, 65, 69, 70, 71, 73, 75, 80, 85, 87, 88, 89, 93, 95, 97, 99, 100, 103, 104, 107, 112, 113, 114, 116, 117, 119, 121, 123, 124, 125, 128, 129, 131, 137, 138, 139, 141, 142, 143, 145, 149, 151, 153, 160, 162, 164, 165, 169, 170, 171, 173, 174, 176, 180, 183, 194, 195, 196, 206, 208, 210, 211, 212, 214, 215, 217, 226, 230, 231, 232], "excluded_lines": []}, "": {"executed_lines": [1, 13, 14, 15, 16, 18, 19, 20, 21, 23, 24], "summary": {"covered_lines": 10, "num_statements": 20, "percent_covered": 50.0, "percent_covered_display": "50.00", "missing_lines": 10, "excluded_lines": 0}, "missing_lines": [25, 28, 31, 44, 67, 91, 147, 178, 219, 228], "excluded_lines": []}}}, "src/agents/brightdata/extractors.py": {"executed_lines": [1, 8, 9, 10, 11, 12, 13, 15, 16], "summary": {"covered_lines": 8, "num_statements": 121, "percent_covered": 6.6115702479338845, "percent_covered_display": "6.61", "missing_lines": 113, "excluded_lines": 0}, "missing_lines": [19, 22, 23, 24, 25, 27, 29, 31, 32, 35, 36, 38, 41, 42, 44, 45, 46, 61, 62, 66, 67, 68, 69, 70, 71, 72, 73, 75, 76, 78, 80, 82, 84, 85, 91, 92, 94, 95, 97, 98, 99, 100, 101, 102, 105, 119, 120, 121, 133, 134, 136, 137, 139, 141, 143, 145, 147, 148, 149, 150, 151, 152, 153, 165, 166, 167, 168, 169, 181, 182, 183, 184, 185, 187, 189, 190, 192, 194, 196, 199, 200, 201, 202, 215, 216, 217, 230, 231, 244, 246, 249, 251, 253, 254, 255, 256, 257, 258, 259, 260, 261, 263, 265, 268, 271, 273, 275, 278, 285, 290, 293, 294, 297], "excluded_lines": [], "functions": {"MiningDataExtractor.__init__": {"executed_lines": [], "summary": {"covered_lines": 0, "num_statements": 3, "percent_covered": 0.0, "percent_covered_display": "0.00", "missing_lines": 3, "excluded_lines": 0}, "missing_lines": [23, 24, 25], "excluded_lines": []}, "MiningDataExtractor.extract_mining_data": {"executed_lines": [], "summary": {"covered_lines": 0, "num_statements": 24, "percent_covered": 0.0, "percent_covered_display": "0.00", "missing_lines": 24, "excluded_lines": 0}, "missing_lines": [29, 31, 32, 35, 36, 38, 41, 42, 44, 45, 46, 61, 62, 66, 67, 68, 69, 70, 71, 72, 73, 75, 76, 78], "excluded_lines": []}, "MiningDataExtractor.extract_government_data": {"executed_lines": [], "summary": {"covered_lines": 0, "num_statements": 22, "percent_covered": 0.0, "percent_covered_display": "0.00", "missing_lines": 22, "excluded_lines": 0}, "missing_lines": [82, 84, 85, 91, 92, 94, 95, 97, 98, 99, 100, 101, 102, 105, 119, 120, 121, 133, 134, 136, 137, 139], "excluded_lines": []}, "MiningDataExtractor.extract_from_json_ld": {"executed_lines": [], "summary": {"covered_lines": 0, "num_statements": 7, "percent_covered": 0.0, "percent_covered_display": "0.00", "missing_lines": 7, "excluded_lines": 0}, "missing_lines": [143, 145, 147, 187, 189, 190, 192], "excluded_lines": []}, "MiningDataExtractor.extract_from_json_ld.extract_recursive": {"executed_lines": [], "summary": {"covered_lines": 0, "num_statements": 16, "percent_covered": 0.0, "percent_covered_display": "0.00", "missing_lines": 16, "excluded_lines": 0}, "missing_lines": [148, 149, 150, 151, 152, 153, 165, 166, 167, 168, 169, 181, 182, 183, 184, 185], "excluded_lines": []}, "MiningDataExtractor.parse_dataset_record": {"executed_lines": [], "summary": {"covered_lines": 0, "num_statements": 11, "percent_covered": 0.0, "percent_covered_display": "0.00", "missing_lines": 11, "excluded_lines": 0}, "missing_lines": [196, 199, 200, 201, 202, 215, 216, 217, 230, 231, 244], "excluded_lines": []}, "MiningDataExtractor.clean_value": {"executed_lines": [], "summary": {"covered_lines": 0, "num_statements": 16, "percent_covered": 0.0, "percent_covered_display": "0.00", "missing_lines": 16, "excluded_lines": 0}, "missing_lines": [249, 251, 253, 254, 255, 256, 257, 258, 259, 260, 261, 263, 265, 268, 271, 273], "excluded_lines": []}, "MiningDataExtractor.is_mining_relevant": {"executed_lines": [], "summary": {"covered_lines": 0, "num_statements": 6, "percent_covered": 0.0, "percent_covered_display": "0.00", "missing_lines": 6, "excluded_lines": 0}, "missing_lines": [278, 285, 290, 293, 294, 297], "excluded_lines": []}, "": {"executed_lines": [1, 8, 9, 10, 11, 12, 13, 15, 16], "summary": {"covered_lines": 8, "num_statements": 16, "percent_covered": 50.0, "percent_covered_display": "50.00", "missing_lines": 8, "excluded_lines": 0}, "missing_lines": [19, 22, 27, 80, 141, 194, 246, 275], "excluded_lines": []}}, "classes": {"MiningDataExtractor": {"executed_lines": [], "summary": {"covered_lines": 0, "num_statements": 105, "percent_covered": 0.0, "percent_covered_display": "0.00", "missing_lines": 105, "excluded_lines": 0}, "missing_lines": [23, 24, 25, 29, 31, 32, 35, 36, 38, 41, 42, 44, 45, 46, 61, 62, 66, 67, 68, 69, 70, 71, 72, 73, 75, 76, 78, 82, 84, 85, 91, 92, 94, 95, 97, 98, 99, 100, 101, 102, 105, 119, 120, 121, 133, 134, 136, 137, 139, 143, 145, 147, 148, 149, 150, 151, 152, 153, 165, 166, 167, 168, 169, 181, 182, 183, 184, 185, 187, 189, 190, 192, 196, 199, 200, 201, 202, 215, 216, 217, 230, 231, 244, 249, 251, 253, 254, 255, 256, 257, 258, 259, 260, 261, 263, 265, 268, 271, 273, 278, 285, 290, 293, 294, 297], "excluded_lines": []}, "": {"executed_lines": [1, 8, 9, 10, 11, 12, 13, 15, 16], "summary": {"covered_lines": 8, "num_statements": 16, "percent_covered": 50.0, "percent_covered_display": "50.00", "missing_lines": 8, "excluded_lines": 0}, "missing_lines": [19, 22, 27, 80, 141, 194, 246, 275], "excluded_lines": []}}}, "src/agents/brightdata/proxy_manager.py": {"executed_lines": [1, 8, 9, 12, 13, 15, 23, 40, 49, 63, 82], "summary": {"covered_lines": 9, "num_statements": 31, "percent_covered": 29.032258064516128, "percent_covered_display": "29.03", "missing_lines": 22, "excluded_lines": 0}, "missing_lines": [17, 30, 31, 34, 35, 38, 42, 47, 55, 60, 61, 65, 67, 80, 84, 85, 88, 89, 90, 91, 93, 95], "excluded_lines": [], "functions": {"ProxyManager.__init__": {"executed_lines": [], "summary": {"covered_lines": 0, "num_statements": 1, "percent_covered": 0.0, "percent_covered_display": "0.00", "missing_lines": 1, "excluded_lines": 0}, "missing_lines": [17], "excluded_lines": []}, "ProxyManager.select_proxy_type": {"executed_lines": [], "summary": {"covered_lines": 0, "num_statements": 5, "percent_covered": 0.0, "percent_covered_display": "0.00", "missing_lines": 5, "excluded_lines": 0}, "missing_lines": [30, 31, 34, 35, 38], "excluded_lines": []}, "ProxyManager.needs_javascript": {"executed_lines": [], "summary": {"covered_lines": 0, "num_statements": 2, "percent_covered": 0.0, "percent_covered_display": "0.00", "missing_lines": 2, "excluded_lines": 0}, "missing_lines": [42, 47], "excluded_lines": []}, "ProxyManager._is_government_site": {"executed_lines": [], "summary": {"covered_lines": 0, "num_statements": 3, "percent_covered": 0.0, "percent_covered_display": "0.00", "missing_lines": 3, "excluded_lines": 0}, "missing_lines": [55, 60, 61], "excluded_lines": []}, "ProxyManager.get_scrape_params": {"executed_lines": [], "summary": {"covered_lines": 0, "num_statements": 3, "percent_covered": 0.0, "percent_covered_display": "0.00", "missing_lines": 3, "excluded_lines": 0}, "missing_lines": [65, 67, 80], "excluded_lines": []}, "ProxyManager._get_accept_languages": {"executed_lines": [], "summary": {"covered_lines": 0, "num_statements": 8, "percent_covered": 0.0, "percent_covered_display": "0.00", "missing_lines": 8, "excluded_lines": 0}, "missing_lines": [84, 85, 88, 89, 90, 91, 93, 95], "excluded_lines": []}, "": {"executed_lines": [1, 8, 9, 12, 13, 15, 23, 40, 49, 63, 82], "summary": {"covered_lines": 9, "num_statements": 9, "percent_covered": 100.0, "percent_covered_display": "100.00", "missing_lines": 0, "excluded_lines": 0}, "missing_lines": [], "excluded_lines": []}}, "classes": {"ProxyManager": {"executed_lines": [], "summary": {"covered_lines": 0, "num_statements": 22, "percent_covered": 0.0, "percent_covered_display": "0.00", "missing_lines": 22, "excluded_lines": 0}, "missing_lines": [17, 30, 31, 34, 35, 38, 42, 47, 55, 60, 61, 65, 67, 80, 84, 85, 88, 89, 90, 91, 93, 95], "excluded_lines": []}, "": {"executed_lines": [1, 8, 9, 12, 13, 15, 23, 40, 49, 63, 82], "summary": {"covered_lines": 9, "num_statements": 9, "percent_covered": 100.0, "percent_covered_display": "100.00", "missing_lines": 0, "excluded_lines": 0}, "missing_lines": [], "excluded_lines": []}}}, "src/agents/brightdata/scraper.py": {"executed_lines": [], "summary": {"covered_lines": 0, "num_statements": 96, "percent_covered": 0.0, "percent_covered_display": "0.00", "missing_lines": 96, "excluded_lines": 0}, "missing_lines": [8, 9, 10, 11, 14, 17, 19, 20, 21, 22, 23, 24, 26, 29, 32, 34, 35, 36, 38, 48, 50, 51, 52, 53, 54, 56, 58, 59, 61, 63, 65, 67, 72, 73, 79, 81, 82, 83, 85, 86, 87, 89, 90, 91, 93, 95, 98, 103, 104, 110, 111, 112, 114, 116, 117, 118, 120, 122, 124, 129, 130, 136, 137, 138, 140, 142, 143, 144, 146, 148, 152, 153, 155, 156, 161, 162, 163, 164, 165, 166, 168, 169, 171, 173, 180, 182, 184, 185, 186, 188, 191, 198, 203, 206, 207, 210], "excluded_lines": [], "functions": {"BrightDataScraper.__init__": {"executed_lines": [], "summary": {"covered_lines": 0, "num_statements": 6, "percent_covered": 0.0, "percent_covered_display": "0.00", "missing_lines": 6, "excluded_lines": 0}, "missing_lines": [19, 20, 21, 22, 23, 24], "excluded_lines": []}, "BrightDataScraper.collect_enhanced_mining_urls": {"executed_lines": [], "summary": {"covered_lines": 0, "num_statements": 16, "percent_covered": 0.0, "percent_covered_display": "0.00", "missing_lines": 16, "excluded_lines": 0}, "missing_lines": [29, 32, 34, 35, 36, 38, 48, 50, 51, 52, 53, 54, 56, 58, 59, 61], "excluded_lines": []}, "BrightDataScraper.run_collector": {"executed_lines": [], "summary": {"covered_lines": 0, "num_statements": 14, "percent_covered": 0.0, "percent_covered_display": "0.00", "missing_lines": 14, "excluded_lines": 0}, "missing_lines": [65, 67, 72, 73, 79, 81, 82, 83, 85, 86, 87, 89, 90, 91], "excluded_lines": []}, "BrightDataScraper.execute_scraping": {"executed_lines": [], "summary": {"covered_lines": 0, "num_statements": 11, "percent_covered": 0.0, "percent_covered_display": "0.00", "missing_lines": 11, "excluded_lines": 0}, "missing_lines": [95, 98, 103, 104, 110, 111, 112, 114, 116, 117, 118], "excluded_lines": []}, "BrightDataScraper.query_dataset": {"executed_lines": [], "summary": {"covered_lines": 0, "num_statements": 11, "percent_covered": 0.0, "percent_covered_display": "0.00", "missing_lines": 11, "excluded_lines": 0}, "missing_lines": [122, 124, 129, 130, 136, 137, 138, 140, 142, 143, 144], "excluded_lines": []}, "BrightDataScraper._get_collection_results": {"executed_lines": [], "summary": {"covered_lines": 0, "num_statements": 14, "percent_covered": 0.0, "percent_covered_display": "0.00", "missing_lines": 14, "excluded_lines": 0}, "missing_lines": [148, 152, 153, 155, 156, 161, 162, 163, 164, 165, 166, 168, 169, 171], "excluded_lines": []}, "BrightDataScraper._get_country_code": {"executed_lines": [], "summary": {"covered_lines": 0, "num_statements": 1, "percent_covered": 0.0, "percent_covered_display": "0.00", "missing_lines": 1, "excluded_lines": 0}, "missing_lines": [180], "excluded_lines": []}, "BrightDataScraper._get_language_code": {"executed_lines": [], "summary": {"covered_lines": 0, "num_statements": 3, "percent_covered": 0.0, "percent_covered_display": "0.00", "missing_lines": 3, "excluded_lines": 0}, "missing_lines": [184, 185, 186], "excluded_lines": []}, "BrightDataScraper._is_mining_relevant": {"executed_lines": [], "summary": {"covered_lines": 0, "num_statements": 6, "percent_covered": 0.0, "percent_covered_display": "0.00", "missing_lines": 6, "excluded_lines": 0}, "missing_lines": [191, 198, 203, 206, 207, 210], "excluded_lines": []}, "": {"executed_lines": [], "summary": {"covered_lines": 0, "num_statements": 14, "percent_covered": 0.0, "percent_covered_display": "0.00", "missing_lines": 14, "excluded_lines": 0}, "missing_lines": [8, 9, 10, 11, 14, 17, 26, 63, 93, 120, 146, 173, 182, 188], "excluded_lines": []}}, "classes": {"BrightDataScraper": {"executed_lines": [], "summary": {"covered_lines": 0, "num_statements": 82, "percent_covered": 0.0, "percent_covered_display": "0.00", "missing_lines": 82, "excluded_lines": 0}, "missing_lines": [19, 20, 21, 22, 23, 24, 29, 32, 34, 35, 36, 38, 48, 50, 51, 52, 53, 54, 56, 58, 59, 61, 65, 67, 72, 73, 79, 81, 82, 83, 85, 86, 87, 89, 90, 91, 95, 98, 103, 104, 110, 111, 112, 114, 116, 117, 118, 122, 124, 129, 130, 136, 137, 138, 140, 142, 143, 144, 148, 152, 153, 155, 156, 161, 162, 163, 164, 165, 166, 168, 169, 171, 180, 184, 185, 186, 191, 198, 203, 206, 207, 210], "excluded_lines": []}, "": {"executed_lines": [], "summary": {"covered_lines": 0, "num_statements": 14, "percent_covered": 0.0, "percent_covered_display": "0.00", "missing_lines": 14, "excluded_lines": 0}, "missing_lines": [8, 9, 10, 11, 14, 17, 26, 63, 93, 120, 146, 173, 182, 188], "excluded_lines": []}}}, "src/agents/brightdata_agent.py": {"executed_lines": [1, 16], "summary": {"covered_lines": 1, "num_statements": 2, "percent_covered": 50.0, "percent_covered_display": "50.00", "missing_lines": 1, "excluded_lines": 0}, "missing_lines": [18], "excluded_lines": [], "functions": {"": {"executed_lines": [1, 16], "summary": {"covered_lines": 1, "num_statements": 2, "percent_covered": 50.0, "percent_covered_display": "50.00", "missing_lines": 1, "excluded_lines": 0}, "missing_lines": [18], "excluded_lines": []}}, "classes": {"": {"executed_lines": [1, 16], "summary": {"covered_lines": 1, "num_statements": 2, "percent_covered": 50.0, "percent_covered_display": "50.00", "missing_lines": 1, "excluded_lines": 0}, "missing_lines": [18], "excluded_lines": []}}}, "src/agents/brightdata_agent_refactored.py": {"executed_lines": [], "summary": {"covered_lines": 0, "num_statements": 187, "percent_covered": 0.0, "percent_covered_display": "0.00", "missing_lines": 187, "excluded_lines": 0}, "missing_lines": [8, 9, 10, 12, 13, 14, 15, 16, 17, 20, 23, 24, 25, 26, 27, 28, 31, 41, 42, 43, 49, 50, 53, 59, 61, 62, 64, 65, 66, 68, 69, 71, 72, 73, 75, 77, 78, 79, 81, 82, 83, 84, 85, 87, 90, 91, 92, 93, 94, 96, 97, 99, 101, 106, 109, 112, 115, 116, 119, 120, 123, 124, 125, 130, 133, 139, 141, 142, 143, 145, 147, 152, 154, 155, 157, 159, 164, 174, 176, 177, 178, 179, 180, 181, 183, 185, 186, 188, 190, 195, 197, 198, 199, 201, 202, 204, 206, 207, 208, 209, 211, 213, 215, 217, 224, 226, 229, 230, 231, 239, 241, 243, 244, 246, 248, 252, 255, 273, 274, 275, 276, 277, 283, 284, 291, 293, 294, 296, 298, 300, 301, 303, 305, 306, 307, 309, 311, 314, 315, 318, 319, 320, 321, 322, 323, 325, 327, 330, 332, 333, 334, 336, 338, 340, 341, 343, 345, 353, 355, 357, 358, 360, 366, 368, 370, 371, 373, 374, 375, 376, 378, 380, 382, 383, 386, 389, 392, 393, 394, 396, 397, 400, 410, 411, 412, 413, 416], "excluded_lines": [], "functions": {"BrightDataAgent.__init__": {"executed_lines": [], "summary": {"covered_lines": 0, "num_statements": 12, "percent_covered": 0.0, "percent_covered_display": "0.00", "missing_lines": 12, "excluded_lines": 0}, "missing_lines": [24, 25, 26, 27, 28, 31, 41, 42, 43, 49, 50, 53], "excluded_lines": []}, "BrightDataAgent.initialize": {"executed_lines": [], "summary": {"covered_lines": 0, "num_statements": 10, "percent_covered": 0.0, "percent_covered_display": "0.00", "missing_lines": 10, "excluded_lines": 0}, "missing_lines": [61, 62, 64, 65, 66, 68, 69, 71, 72, 73], "excluded_lines": []}, "BrightDataAgent.validate_credentials": {"executed_lines": [], "summary": {"covered_lines": 0, "num_statements": 8, "percent_covered": 0.0, "percent_covered_display": "0.00", "missing_lines": 8, "excluded_lines": 0}, "missing_lines": [77, 78, 79, 81, 82, 83, 84, 85], "excluded_lines": []}, "BrightDataAgent.search_mine": {"executed_lines": [], "summary": {"covered_lines": 0, "num_statements": 26, "percent_covered": 0.0, "percent_covered_display": "0.00", "missing_lines": 26, "excluded_lines": 0}, "missing_lines": [90, 91, 92, 93, 94, 96, 97, 99, 101, 106, 109, 112, 115, 116, 119, 120, 123, 124, 125, 130, 133, 139, 141, 142, 143, 145], "excluded_lines": []}, "BrightDataAgent._collect_mining_urls": {"executed_lines": [], "summary": {"covered_lines": 0, "num_statements": 17, "percent_covered": 0.0, "percent_covered_display": "0.00", "missing_lines": 17, "excluded_lines": 0}, "missing_lines": [152, 154, 155, 157, 159, 164, 174, 176, 177, 178, 179, 180, 181, 183, 185, 186, 188], "excluded_lines": []}, "BrightDataAgent._scrape_urls": {"executed_lines": [], "summary": {"covered_lines": 0, "num_statements": 12, "percent_covered": 0.0, "percent_covered_display": "0.00", "missing_lines": 12, "excluded_lines": 0}, "missing_lines": [195, 197, 198, 199, 201, 202, 204, 206, 207, 208, 209, 211], "excluded_lines": []}, "BrightDataAgent._scrape_single_url": {"executed_lines": [], "summary": {"covered_lines": 0, "num_statements": 12, "percent_covered": 0.0, "percent_covered_display": "0.00", "missing_lines": 12, "excluded_lines": 0}, "missing_lines": [215, 217, 224, 226, 229, 230, 231, 239, 241, 243, 244, 246], "excluded_lines": []}, "BrightDataAgent._collect_specialized_data": {"executed_lines": [], "summary": {"covered_lines": 0, "num_statements": 13, "percent_covered": 0.0, "percent_covered_display": "0.00", "missing_lines": 13, "excluded_lines": 0}, "missing_lines": [252, 255, 273, 274, 275, 276, 277, 283, 284, 291, 293, 294, 296], "excluded_lines": []}, "BrightDataAgent._update_status": {"executed_lines": [], "summary": {"covered_lines": 0, "num_statements": 2, "percent_covered": 0.0, "percent_covered_display": "0.00", "missing_lines": 2, "excluded_lines": 0}, "missing_lines": [300, 301], "excluded_lines": []}, "BrightDataAgent._update_stats": {"executed_lines": [], "summary": {"covered_lines": 0, "num_statements": 3, "percent_covered": 0.0, "percent_covered_display": "0.00", "missing_lines": 3, "excluded_lines": 0}, "missing_lines": [305, 306, 307], "excluded_lines": []}, "BrightDataAgent._is_mining_relevant": {"executed_lines": [], "summary": {"covered_lines": 0, "num_statements": 10, "percent_covered": 0.0, "percent_covered_display": "0.00", "missing_lines": 10, "excluded_lines": 0}, "missing_lines": [311, 314, 315, 318, 319, 320, 321, 322, 323, 325], "excluded_lines": []}, "BrightDataAgent._select_proxy_type": {"executed_lines": [], "summary": {"covered_lines": 0, "num_statements": 5, "percent_covered": 0.0, "percent_covered_display": "0.00", "missing_lines": 5, "excluded_lines": 0}, "missing_lines": [330, 332, 333, 334, 336], "excluded_lines": []}, "BrightDataAgent._needs_javascript": {"executed_lines": [], "summary": {"covered_lines": 0, "num_statements": 2, "percent_covered": 0.0, "percent_covered_display": "0.00", "missing_lines": 2, "excluded_lines": 0}, "missing_lines": [340, 341], "excluded_lines": []}, "BrightDataAgent._get_country_code": {"executed_lines": [], "summary": {"covered_lines": 0, "num_statements": 2, "percent_covered": 0.0, "percent_covered_display": "0.00", "missing_lines": 2, "exclud
[...]
"missing_lines": [24, 28, 31, 32, 33, 34, 35, 36, 37, 40, 41, 42, 43, 44, 45, 46, 49, 50, 51, 52, 53, 55, 59, 61, 62, 63, 65, 66, 67, 68, 69, 71, 75, 77, 78, 79, 80, 82, 83, 84, 85, 86, 88, 93, 94, 98, 101, 107, 108, 110, 111, 113, 114, 115, 116, 118, 119, 122, 123, 124, 125, 127, 128, 131, 132, 134], "excluded_lines": []}, "TableExtractor": {"executed_lines": [], "summary": {"covered_lines": 0, "num_statements": 51, "percent_covered": 0.0, "percent_covered_display": "0.00", "missing_lines": 51, "excluded_lines": 0}, "missing_lines": [141, 145, 148, 149, 150, 151, 152, 155, 156, 157, 158, 159, 161, 165, 167, 170, 171, 173, 176, 177, 178, 180, 181, 187, 189, 190, 192, 196, 198, 200, 201, 203, 204, 205, 206, 208, 209, 210, 216, 218, 222, 223, 225, 226, 228, 229, 230, 231, 232, 233, 235], "excluded_lines": []}, "MetadataExtractor": {"executed_lines": [], "summary": {"covered_lines": 0, "num_statements": 33, "percent_covered": 0.0, "percent_covered_display": "0.00", "missing_lines": 33, "excluded_lines": 0}, "missing_lines": [242, 246, 249, 250, 251, 254, 255, 256, 257, 258, 260, 264, 266, 268, 269, 272, 275, 276, 279, 280, 281, 282, 283, 284, 285, 286, 287, 288, 291, 292, 293, 294, 296], "excluded_lines": []}, "": {"executed_lines": [], "summary": {"covered_lines": 0, "num_statements": 22, "percent_covered": 0.0, "percent_covered_display": "0.00", "missing_lines": 22, "excluded_lines": 0}, "missing_lines": [8, 9, 10, 11, 13, 20, 23, 26, 57, 73, 90, 96, 137, 140, 143, 163, 194, 220, 238, 241, 244, 262], "excluded_lines": []}}}, "src/utils/pdf/pdf_processor.py": {"executed_lines": [], "summary": {"covered_lines": 0, "num_statements": 110, "percent_covered": 0.0, "percent_covered_display": "0.00", "missing_lines": 110, "excluded_lines": 0}, "missing_lines": [8, 9, 10, 11, 13, 14, 15, 21, 24, 31, 32, 35, 38, 39, 40, 43, 51, 52, 54, 69, 72, 73, 74, 75, 76, 77, 80, 81, 82, 84, 85, 86, 89, 90, 91, 94, 95, 96, 98, 101, 103, 105, 106, 107, 113, 115, 117, 120, 122, 124, 125, 126, 128, 130, 138, 140, 141, 144, 145, 147, 148, 149, 152, 153, 155, 157, 167, 168, 169, 171, 172, 173, 174, 176, 178, 180, 182, 185, 186, 187, 188, 189, 190, 193, 194, 195, 196, 199, 200, 201, 202, 204, 206, 219, 221, 222, 223, 225, 226, 229, 230, 231, 232, 238, 240, 242, 244, 246, 248, 249], "excluded_lines": [], "functions": {"PDFProcessor.__init__": {"executed_lines": [], "summary": {"covered_lines": 0, "num_statements": 8, "percent_covered": 0.0, "percent_covered_display": "0.00", "missing_lines": 8, "excluded_lines": 0}, "missing_lines": [32, 35, 38, 39, 40, 43, 51, 52], "excluded_lines": []}, "PDFProcessor.process_pdf": {"executed_lines": [], "summary": {"covered_lines": 0, "num_statements": 25, "percent_covered": 0.0, "percent_covered_display": "0.00", "missing_lines": 25, "excluded_lines": 0}, "missing_lines": [69, 72, 73, 74, 75, 76, 77, 80, 81, 82, 84, 85, 86, 89, 90, 91, 94, 95, 96, 98, 101, 103, 105, 106, 107], "excluded_lines": []}, "PDFProcessor._detect_pdf_type": {"executed_lines": [], "summary": {"covered_lines": 0, "num_statements": 7, "percent_covered": 0.0, "percent_covered_display": "0.00", "missing_lines": 7, "excluded_lines": 0}, "missing_lines": [115, 117, 120, 122, 124, 125, 126], "excluded_lines": []}, "PDFProcessor._process_generic_pdf": {"executed_lines": [], "summary": {"covered_lines": 0, "num_statements": 21, "percent_covered": 0.0, "percent_covered_display": "0.00", "missing_lines": 21, "excluded_lines": 0}, "missing_lines": [130, 138, 140, 141, 144, 145, 147, 148, 149, 152, 153, 155, 157, 167, 168, 169, 171, 172, 173, 174, 176], "excluded_lines": []}, "PDFProcessor._extract_mining_info": {"executed_lines": [], "summary": {"covered_lines": 0, "num_statements": 17, "percent_covered": 0.0, "percent_covered_display": "0.00", "missing_lines": 17, "excluded_lines": 0}, "missing_lines": [180, 182, 185, 186, 187, 188, 189, 190, 193, 194, 195, 196, 199, 200, 201, 202, 204], "excluded_lines": []}, "PDFProcessor.process_multiple_pdfs": {"executed_lines": [], "summary": {"covered_lines": 0, "num_statements": 10, "percent_covered": 0.0, "percent_covered_display": "0.00", "missing_lines": 10, "excluded_lines": 0}, "missing_lines": [219, 221, 225, 226, 229, 230, 231, 232, 238, 240], "excluded_lines": []}, "PDFProcessor.process_multiple_pdfs.process_with_semaphore": {"executed_lines": [], "summary": {"covered_lines": 0, "num_statements": 2, "percent_covered": 0.0, "percent_covered_display": "0.00", "missing_lines": 2, "excluded_lines": 0}, "missing_lines": [222, 223], "excluded_lines": []}, "PDFProcessor.get_supported_types": {"executed_lines": [], "summary": {"covered_lines": 0, "num_statements": 1, "percent_covered": 0.0, "percent_covered_display": "0.00", "missing_lines": 1, "excluded_lines": 0}, "missing_lines": [244], "excluded_lines": []}, "PDFProcessor.clear_cache": {"executed_lines": [], "summary": {"covered_lines": 0, "num_statements": 2, "percent_covered": 0.0, "percent_covered_display": "0.00", "missing_lines": 2, "excluded_lines": 0}, "missing_lines": [248, 249], "excluded_lines": []}, "": {"executed_lines": [], "summary": {"covered_lines": 0, "num_statements": 17, "percent_covered": 0.0, "percent_covered_display": "0.00", "missing_lines": 17, "excluded_lines": 0}, "missing_lines": [8, 9, 10, 11, 13, 14, 15, 21, 24, 31, 54, 113, 128, 178, 206, 242, 246], "excluded_lines": []}}, "classes": {"PDFProcessor": {"executed_lines": [], "summary": {"covered_lines": 0, "num_statements": 93, "percent_covered": 0.0, "percent_covered_display": "0.00", "missing_lines": 93, "excluded_lines": 0}, "missing_lines": [32, 35, 38, 39, 40, 43, 51, 52, 69, 72, 73, 74, 75, 76, 77, 80, 81, 82, 84, 85, 86, 89, 90, 91, 94, 95, 96, 98, 101, 103, 105, 106, 107, 115, 117, 120, 122, 124, 125, 126, 130, 138, 140, 141, 144, 145, 147, 148, 149, 152, 153, 155, 157, 167, 168, 169, 171, 172, 173, 174, 176, 180, 182, 185, 186, 187, 188, 189, 190, 193, 194, 195, 196, 199, 200, 201, 202, 204, 219, 221, 222, 223, 225, 226, 229, 230, 231, 232, 238, 240, 244, 248, 249], "excluded_lines": []}, "": {"executed_lines": [], "summary": {"covered_lines": 0, "num_statements": 17, "percent_covered": 0.0, "percent_covered_display": "0.00", "missing_lines": 17, "excluded_lines": 0}, "missing_lines": [8, 9, 10, 11, 13, 14, 15, 21, 24, 31, 54, 113, 128, 178, 206, 242, 246], "excluded_lines": []}}}, "src/utils/pdf_processor.py": {"executed_lines": [], "summary": {"covered_lines": 0, "num_statements": 335, "percent_covered": 0.0, "percent_covered_display": "0.00", "missing_lines": 335, "excluded_lines": 0}, "missing_lines": [8, 9, 10, 11, 12, 13, 14, 17, 18, 19, 20, 21, 23, 24, 25, 26, 27, 29, 30, 31, 32, 33, 35, 36, 37, 38, 39, 40, 42, 45, 48, 49, 50, 52, 54, 55, 56, 57, 58, 59, 60, 61, 62, 64, 66, 67, 69, 71, 73, 74, 75, 78, 79, 81, 84, 85, 86, 87, 88, 89, 90, 91, 93, 95, 98, 99, 102, 103, 106, 107, 110, 111, 114, 115, 117, 119, 121, 131, 132, 135, 150, 151, 152, 153, 156, 157, 158, 159, 161, 162, 163, 164, 166, 167, 168, 169, 172, 173, 176, 177, 179, 181, 183, 191, 194, 210, 211, 212, 213, 214, 215, 218, 219, 221, 223, 224, 226, 228, 230, 232, 240, 243, 244, 247, 248, 249, 252, 253, 254, 257, 258, 259, 261, 263, 265, 273, 276, 295, 296, 297, 298, 299, 300, 303, 304, 306, 307, 308, 310, 312, 314, 316, 325, 326, 329, 330, 333, 334, 336, 338, 340, 342, 343, 344, 345, 346, 347, 348, 349, 350, 351, 353, 354, 355, 356, 357, 358, 359, 360, 361, 362, 363, 365, 367, 369, 371, 373, 374, 377, 383, 384, 385, 386, 387, 388, 393, 394, 398, 400, 402, 405, 406, 408, 409, 410, 412, 413, 414, 416, 418, 419, 420, 421, 422, 423, 426, 427, 428, 429, 430, 431, 432, 433, 435, 437, 439, 441, 442, 443, 444, 445, 447, 448, 449, 456, 457, 460, 461, 462, 469, 470, 476, 477, 479, 481, 483, 484, 487, 515, 516, 517, 518, 519, 520, 522, 523, 525, 527, 529, 535, 536, 537, 538, 540, 542, 544, 547, 548, 549, 550, 553, 554, 555, 556, 559, 560, 561, 562, 564, 566, 568, 571, 572, 573, 574, 577, 578, 579, 580, 583, 584, 585, 586, 588, 590, 592, 598, 599, 601, 603, 605, 610, 611, 613, 615, 617, 618, 620, 621, 623, 624, 626, 627, 629, 631, 633, 634, 636, 637, 638, 639, 641, 642, 643, 644, 647, 648, 649, 652, 654, 656, 657, 659, 660, 661], "excluded_lines": [], "functions": {"PDFProcessor.__init__": {"executed_lines": [], "summary": {"covered_lines": 0, "num_statements": 2, "percent_covered": 0.0, "percent_covered_display": "0.00", "missing_lines": 2, "excluded_lines": 0}, "missing_lines": [49, 50], "excluded_lines": []}, "PDFProcessor._check_dependencies": {"executed_lines": [], "summary": {"covered_lines": 0, "num_statements": 12, "percent_covered": 0.0, "percent_covered_display": "0.00", "missing_lines": 12, "excluded_lines": 0}, "missing_lines": [54, 55, 56, 57, 58, 59, 60, 61, 62, 64, 66, 67], "excluded_lines": []}, "PDFProcessor.process_pdf": {"executed_lines": [], "summary": {"covered_lines": 0, "num_statements": 16, "percent_covered": 0.0, "percent_covered_display": "0.00", "missing_lines": 16, "excluded_lines": 0}, "missing_lines": [71, 73, 74, 75, 78, 79, 81, 84, 85, 86, 87, 88, 89, 90, 91, 93], "excluded_lines": []}, "PDFProcessor._detect_pdf_type": {"executed_lines": [], "summary": {"covered_lines": 0, "num_statements": 11, "percent_covered": 0.0, "percent_covered_display": "0.00", "missing_lines": 11, "excluded_lines": 0}, "missing_lines": [98, 99, 102, 103, 106, 107, 110, 111, 114, 115, 117], "excluded_lines": []}, "PDFProcessor._process_ni43101": {"executed_lines": [], "summary": {"covered_lines": 0, "num_statements": 25, "percent_covered": 0.0, "percent_covered_display": "0.00", "missing_lines": 25, "excluded_lines": 0}, "missing_lines": [121, 131, 132, 135, 150, 151, 152, 153, 156, 157, 158, 159, 161, 162, 163, 164, 166, 167, 168, 169, 172, 173, 176, 177, 179], "excluded_lines": []}, "PDFProcessor._process_environmental_report": {"executed_lines": [], "summary": {"covered_lines": 0, "num_statements": 16, "percent_covered": 0.0, "percent_covered_display": "0.00", "missing_lines": 16, "excluded_lines": 0}, "missing_lines": [183, 191, 194, 210, 211, 212, 213, 214, 215, 218, 219, 221, 223, 224, 226, 228], "excluded_lines": []}, "PDFProcessor._process_financial_report": {"executed_lines": [], "summary": {"covered_lines": 0, "num_statements": 14, "percent_covered": 0.0, "percent_covered_display": "0.00", "missing_lines": 14, "excluded_lines": 0}, "missing_lines": [232, 240, 243, 244, 247, 248, 249, 252, 253, 254, 257, 258, 259, 261], "excluded_lines": []}, "PDFProcessor._process_technical_report": {"executed_lines": [], "summary": {"covered_lines": 0, "num_statements": 16, "percent_covered": 0.0, "percent_covered_display": "0.00", "missing_lines": 16, "excluded_lines": 0}, "missing_lines": [265, 273, 276, 295, 296, 297, 298, 299, 300, 303, 304, 306, 307, 308, 310, 312], "excluded_lines": []}, "PDFProcessor._process_generic_pdf": {"executed_lines": [], "summary": {"covered_lines": 0, "num_statements": 8, "percent_covered": 0.0, "percent_covered_display": "0.00", "missing_lines": 8, "excluded_lines": 0}, "missing_lines": [316, 325, 326, 329, 330, 333, 334, 336], "excluded_lines": []}, "PDFProcessor._extract_text_pages": {"executed_lines": [], "summary": {"covered_lines": 0, "num_statements": 23, "percent_covered": 0.0, "percent_covered_display": "0.00", "missing_lines": 23, "excluded_lines": 0}, "missing_lines": [340, 342, 343, 344, 345, 346, 347, 348, 349, 350, 351, 353, 354, 355, 356, 357, 358, 359, 360, 361, 362, 363, 365], "excluded_lines": []}, "PDFProcessor._extract_full_text": {"executed_lines": [], "summary": {"covered_lines": 0, "num_statements": 1, "percent_covered": 0.0, "percent_covered_display": "0.00", "missing_lines": 1, "excluded_lines": 0}, "missing_lines": [369], "excluded_lines": []}, "PDFProcessor._extract_table_of_contents": {"executed_lines": [], "summary": {"covered_lines": 0, "num_statements": 13, "percent_covered": 0.0, "percent_covered_display": "0.00", "missing_lines": 13, "excluded_lines": 0}, "missing_lines": [373, 374, 377, 383, 384, 385, 386, 387, 388, 393, 394, 398, 400], "excluded_lines": []}, "PDFProcessor._extract_section": {"executed_lines": [], "summary": {"covered_lines": 0, "num_statements": 24, "percent_covered": 0.0, "percent_covered_display": "0.00", "missing_lines": 24, "excluded_lines": 0}, "missing_lines": [405, 406, 408, 409, 410, 412, 413, 414, 416, 418, 419, 420, 421, 422, 423, 426, 427, 428, 429, 430, 431, 432, 433, 435], "excluded_lines": []}, "PDFProcessor._extract_all_tables": {"executed_lines": [], "summary": {"covered_lines": 0, "num_statements": 19, "percent_covered": 0.0, "percent_covered_display": "0.00", "missing_lines": 19, "excluded_lines": 0}, "missing_lines": [439, 441, 442, 443, 444, 445, 447, 448, 449, 456, 457, 460, 461, 462, 469, 470, 476, 477, 479], "excluded_lines": []}, "PDFProcessor._extract_mining_key_data": {"executed_lines": [], "summary": {"covered_lines": 0, "num_statements": 12, "percent_covered": 0.0, "percent_covered_display": "0.00", "missing_lines": 12, "excluded_lines": 0}, "missing_lines": [483, 484, 487, 515, 516, 517, 518, 519, 520, 522, 523, 525], "excluded_lines": []}, "PDFProcessor._extract_coordinates": {"executed_lines": [], "summary": {"covered_lines": 0, "num_statements": 6, "percent_covered": 0.0, "percent_covered_display": "0.00", "missing_lines": 6, "excluded_lines": 0}, "missing_lines": [529, 535, 536, 537, 538, 540], "excluded_lines": []}, "PDFProcessor._extract_resource_data": {"executed_lines": [], "summary": {"covered_lines": 0, "num_statements": 14, "percent_covered": 0.0, "percent_covered_display": "0.00", "missing_lines": 14, "excluded_lines": 0}, "missing_lines": [544, 547, 548, 549, 550, 553, 554, 555, 556, 559, 560, 561, 562, 564], "excluded_lines": []}, "PDFProcessor._extract_cost_data": {"executed_lines": [], "summary": {"covered_lines": 0, "num_statements": 14, "percent_covered": 0.0, "percent_covered_display": "0.00", "missing_lines": 14, "excluded_lines": 0}, "missing_lines": [568, 571, 572, 573, 574, 577, 578, 579, 580, 583, 584, 585, 586, 588], "excluded_lines": []}, "PDFProcessor._is_environmental_table": {"executed_lines": [], "summary": {"covered_lines": 0, "num_statements": 4, "percent_covered": 0.0, "percent_covered_display": "0.00", "missing_lines": 4, "excluded_lines": 0}, "missing_lines": [592, 598, 599, 601], "excluded_lines": []}, "PDFProcessor._is_technical_table": {"executed_lines": [], "summary": {"covered_lines": 0, "num_statements": 4, "percent_covered": 0.0, "percent_covered_display": "0.00", "missing_lines": 4, "excluded_lines": 0}, "missing_lines": [605, 610, 611, 613], "excluded_lines": []}, "PDFProcessor._find_financial_value": {"executed_lines": [], "summary": {"covered_lines": 0, "num_statements": 9, "percent_covered": 0.0, "percent_covered_display": "0.00", "missing_lines": 9, "excluded_lines": 0}, "missing_lines": [617, 618, 620, 621, 623, 624, 626, 627, 629], "excluded_lines": []}, "PDFProcessor.extract_from_url": {"executed_lines": [], "summary": {"covered_lines": 0, "num_statements": 20, "percent_covered": 0.0, "percent_covered_display": "0.00", "missing_lines": 20, "excluded_lines": 0}, "missing_lines": [633, 634, 636, 637, 638, 639, 641, 642, 643, 644, 647, 648, 649, 652, 654, 656, 657, 659, 660, 661], "excluded_lines": []}, "": {"executed_lines": [], "summary": {"covered_lines": 0, "num_statements": 52, "percent_covered": 0.0, "percent_covered_display": "0.00", "missing_lines": 52, "excluded_lines": 0}, "missing_lines": [8, 9, 10, 11, 12, 13, 14, 17, 18, 19, 20, 21, 23, 24, 25, 26, 27, 29, 30, 31, 32, 33, 35, 36, 37, 38, 39, 40, 42, 45, 48, 52, 69, 95, 119, 181, 230, 263, 314, 338, 367, 371, 402, 437, 481, 527, 542, 566, 590, 603, 615, 631], "excluded_lines": []}}, "classes": {"PDFProcessor": {"executed_lines": [], "summary": {"covered_lines": 0, "num_statements": 283, "percent_covered": 0.0, "percent_covered_display": "0.00", "missing_lines": 283, "excluded_lines": 0}, "missing_lines": [49, 50, 54, 55, 56, 57, 58, 59, 60, 61, 62, 64, 66, 67, 71, 73, 74, 75, 78, 79, 81, 84, 85, 86, 87, 88, 89, 90, 91, 93, 98, 99, 102, 103, 106, 107, 110, 111, 114, 115, 117, 121, 131, 132, 135, 150, 151, 152, 153, 156, 157, 158, 159, 161, 162, 163, 164, 166, 167, 168, 169, 172, 173, 176, 177, 179, 183, 191, 194, 210, 211, 212, 213, 214, 215, 218, 219, 221, 223, 224, 226, 228, 232, 240, 243, 244, 247, 248, 249, 252, 253, 254, 257, 258, 259, 261, 265, 273, 276, 295, 296, 297, 298, 299, 300, 303, 304, 306, 307, 308, 310, 312, 316, 325, 326, 329, 330, 333, 334, 336, 340, 342, 343, 344, 345, 346, 347, 348, 349, 350, 351, 353, 354, 355, 356, 357, 358, 359, 360, 361, 362, 363, 365, 369, 373, 374, 377, 383, 384, 385, 386, 387, 388, 393, 394, 398, 400, 405, 406, 408, 409, 410, 412, 413, 414, 416, 418, 419, 420, 421, 422, 423, 426, 427, 428, 429, 430, 431, 432, 433, 435, 439, 441, 442, 443, 444, 445, 447, 448, 449, 456, 457, 460, 461, 462, 469, 470, 476, 477, 479, 483, 484, 487, 515, 516, 517, 518, 519, 520, 522, 523, 525, 529, 535, 536, 537, 538, 540, 544, 547, 548, 549, 550, 553, 554, 555, 556, 559, 560, 561, 562, 564, 568, 571, 572, 573, 574, 577, 578, 579, 580, 583, 584, 585, 586, 588, 592, 598, 599, 601, 605, 610, 611, 613, 617, 618, 620, 621, 623, 624, 626, 627, 629, 633, 634, 636, 637, 638, 639, 641, 642, 643, 644, 647, 648, 649, 652, 654, 656, 657, 659, 660, 661], "excluded_lines": []}, "": {"executed_lines": [], "summary": {"covered_lines": 0, "num_statements": 52, "percent_covered": 0.0, "percent_covered_display": "0.00", "missing_lines": 52, "excluded_lines": 0}, "missing_lines": [8, 9, 10, 11, 12, 13, 14, 17, 18, 19, 20, 21, 23, 24, 25, 26, 27, 29, 30, 31, 32, 33, 35, 36, 37, 38, 39, 40, 42, 45, 48, 52, 69, 95, 119, 181, 230, 263, 314, 338, 367, 371, 402, 437, 481, 527, 542, 566, 590, 603, 615, 631], "excluded_lines": []}}}, "src/utils/text_normalization.py": {"executed_lines": [1, 4, 5, 7, 16, 81], "summary": {"covered_lines": 5, "num_statements": 44, "percent_covered": 11.363636363636363, "percent_covered_display": "11.36", "missing_lines": 39, "excluded_lines": 0}, "missing_lines": [10, 11, 14, 18, 21, 22, 23, 27, 28, 29, 30, 31, 34, 35, 36, 40, 41, 42, 43, 46, 47, 48, 49, 50, 51, 54, 65, 66, 67, 68, 69, 72, 73, 74, 75, 76, 77, 79, 83], "excluded_lines": [], "functions": {"normalize_mine_name": {"executed_lines": [], "summary": {"covered_lines": 0, "num_statements": 3, "percent_covered": 0.0, "percent_covered_display": "0.00", "missing_lines": 3, "excluded_lines": 0}, "missing_lines": [10, 11, 14], "excluded_lines": []}, "get_mine_name_variants": {"executed_lines": [], "summary": {"covered_lines": 0, "num_statements": 35, "percent_covered": 0.0, "percent_covered_display": "0.00", "missing_lines": 35, "excluded_lines": 0}, "missing_lines": [18, 21, 22, 23, 27, 28, 29, 30, 31, 34, 35, 36, 40, 41, 42, 43, 46, 47, 48, 49, 50, 51, 54, 65, 66, 67, 68, 69, 72, 73, 74, 75, 76, 77, 79], "excluded_lines": []}, "get_french_search_terms": {"executed_lines": [], "summary": {"covered_lines": 0, "num_statements": 1, "percent_covered": 0.0, "percent_covered_display": "0.00", "missing_lines": 1, "excluded_lines": 0}, "missing_lines": [83], "excluded_lines": []}, "": {"executed_lines": [1, 4, 5, 7, 16, 81], "summary": {"covered_lines": 5, "num_statements": 5, "percent_covered": 100.0, "percent_covered_display": "100.00", "missing_lines": 0, "excluded_lines": 0}, "missing_lines": [], "excluded_lines": []}}, "classes": {"": {"executed_lines": [1, 4, 5, 7, 16, 81], "summary": {"covered_lines": 5, "num_statements": 44, "percent_covered": 11.363636363636363, "percent_covered_display": "11.36", "missing_lines": 39, "excluded_lines": 0}, "missing_lines": [10, 11, 14, 18, 21, 22, 23, 27, 28, 29, 30, 31, 34, 35, 36, 40, 41, 42, 43, 46, 47, 48, 49, 50, 51, 54, 65, 66, 67, 68, 69, 72, 73, 74, 75, 76, 77, 79, 83], "excluded_lines": []}}}}, "totals": {"covered_lines": 1247, "num_statements": 14441, "percent_covered": 8.635136070909217, "percent_covered_display": "8.64", "missing_lines": 13194, "excluded_lines": 63}}